#! /usr/local/Cellar/icarus-verilog/12.0/bin/vvp
:ivl_version "12.0 (stable)";
:ivl_delay_selection "TYPICAL";
:vpi_time_precision + 0;
:vpi_module "/usr/local/Cellar/icarus-verilog/12.0/lib/ivl/system.vpi";
:vpi_module "/usr/local/Cellar/icarus-verilog/12.0/lib/ivl/vhdl_sys.vpi";
:vpi_module "/usr/local/Cellar/icarus-verilog/12.0/lib/ivl/vhdl_textio.vpi";
:vpi_module "/usr/local/Cellar/icarus-verilog/12.0/lib/ivl/v2005_math.vpi";
:vpi_module "/usr/local/Cellar/icarus-verilog/12.0/lib/ivl/va_math.vpi";
S_0x7fb492a04290 .scope module, "Memory" "Memory" 2 393;
 .timescale 0 0;
    .port_info 0 /INPUT 1 "clk";
    .port_info 1 /INPUT 32 "mem_addr";
    .port_info 2 /OUTPUT 32 "mem_rdata";
    .port_info 3 /INPUT 1 "mem_rstrb";
    .port_info 4 /INPUT 32 "mem_wdata";
    .port_info 5 /INPUT 4 "mem_wmask";
v0x600003e30090 .array "MEM", 4095 0, 31 0;
o0x7fb492842008 .functor BUFZ 1, C4<z>; HiZ drive
v0x600003e30120_0 .net "clk", 0 0, o0x7fb492842008;  0 drivers
o0x7fb492842038 .functor BUFZ 32, C4<zzzzzzzzzzzzzzzzzzzzzzzzzzzzzzzz>; HiZ drive
v0x600003e301b0_0 .net "mem_addr", 31 0, o0x7fb492842038;  0 drivers
v0x600003e30240_0 .var "mem_rdata", 31 0;
o0x7fb492842098 .functor BUFZ 1, C4<z>; HiZ drive
v0x600003e302d0_0 .net "mem_rstrb", 0 0, o0x7fb492842098;  0 drivers
o0x7fb4928420c8 .functor BUFZ 32, C4<zzzzzzzzzzzzzzzzzzzzzzzzzzzzzzzz>; HiZ drive
v0x600003e30360_0 .net "mem_wdata", 31 0, o0x7fb4928420c8;  0 drivers
o0x7fb4928420f8 .functor BUFZ 4, C4<zzzz>; HiZ drive
v0x600003e303f0_0 .net "mem_wmask", 3 0, o0x7fb4928420f8;  0 drivers
v0x600003e30480_0 .net "word_addr", 29 0, L_0x600003d24000;  1 drivers
E_0x600001904000 .event posedge, v0x600003e30120_0;
L_0x600003d24000 .part o0x7fb492842038, 2, 30;
S_0x7fb492a04400 .scope module, "bench" "bench" 3 1;
 .timescale 0 0;
P_0x60000222c000 .param/l "c_BIT_PERIOD" 0 3 6, +C4<00000000000000000010000111101000>;
P_0x60000222c040 .param/l "tck" 0 3 5, +C4<00000000000000000000000000101000>;
v0x600003e3e0a0_0 .var "CLK", 0 0;
v0x600003e3e130_0 .net "LEDS", 0 0, v0x600003e3ccf0_0;  1 drivers
v0x600003e3e1c0_0 .var "RESET", 0 0;
v0x600003e3e250_0 .var "RXD", 0 0;
v0x600003e3e2e0_0 .net "TXD", 0 0, v0x600003e3c900_0;  1 drivers
v0x600003e3e370_0 .var/i "idx", 31 0;
v0x600003e3e400_0 .var "prev_LEDS", 4 0;
S_0x7fb492a04570 .scope task, "UART_WRITE_BYTE" "UART_WRITE_BYTE" 3 18, 3 18 0, S_0x7fb492a04400;
 .timescale 0 0;
v0x600003e30510_0 .var "i_Data", 7 0;
v0x600003e305a0_0 .var/i "ii", 31 0;
TD_bench.UART_WRITE_BYTE ;
    %pushi/vec4 0, 0, 1;
    %assign/vec4 v0x600003e3e250_0, 0;
    %delay 8680, 0;
    %delay 1000, 0;
    %pushi/vec4 0, 0, 32;
    %store/vec4 v0x600003e305a0_0, 0, 32;
T_0.0 ;
    %load/vec4 v0x600003e305a0_0;
    %cmpi/s 8, 0, 32;
    %jmp/0xz T_0.1, 5;
    %load/vec4 v0x600003e30510_0;
    %load/vec4 v0x600003e305a0_0;
    %part/s 1;
    %assign/vec4 v0x600003e3e250_0, 0;
    %delay 8680, 0;
    %load/vec4 v0x600003e305a0_0;
    %addi 1, 0, 32;
    %store/vec4 v0x600003e305a0_0, 0, 32;
    %jmp T_0.0;
T_0.1 ;
    %pushi/vec4 1, 0, 1;
    %assign/vec4 v0x600003e3e250_0, 0;
    %delay 8680, 0;
    %end;
S_0x7fb492a046e0 .scope module, "uut" "SOC" 3 43, 4 1 0, S_0x7fb492a04400;
 .timescale 0 0;
    .port_info 0 /INPUT 1 "clk";
    .port_info 1 /INPUT 1 "resetn";
    .port_info 2 /OUTPUT 1 "LEDS";
    .port_info 3 /INPUT 1 "RXD";
    .port_info 4 /OUTPUT 1 "TXD";
L_0x60000272d5e0 .functor BUFZ 1, L_0x60000272d1f0, C4<0>, C4<0>, C4<0>;
L_0x60000272d650 .functor AND 1, L_0x600003d2b020, L_0x60000272d5e0, C4<1>, C4<1>;
L_0x60000272d6c0 .functor AND 4, L_0x600003d2b160, L_0x60000272d2d0, C4<1111>, C4<1111>;
v0x600003e3d3b0_0 .net "LEDS", 0 0, v0x600003e3ccf0_0;  alias, 1 drivers
v0x600003e3d440_0 .net "RAM_rdata", 31 0, v0x600003e3a9a0_0;  1 drivers
v0x600003e3d4d0_0 .net "RXD", 0 0, v0x600003e3e250_0;  1 drivers
v0x600003e3d560_0 .net "TXD", 0 0, v0x600003e3c900_0;  alias, 1 drivers
v0x600003e3d5f0_0 .net *"_ivl_13", 0 0, L_0x600003d2b0c0;  1 drivers
v0x600003e3d680_0 .net *"_ivl_14", 3 0, L_0x600003d2b160;  1 drivers
v0x600003e3d710_0 .net *"_ivl_9", 0 0, L_0x600003d2b020;  1 drivers
o0x7fb492846c28 .functor BUFZ 32, C4<zzzzzzzzzzzzzzzzzzzzzzzzzzzzzzzz>; HiZ drive
v0x600003e3d7a0_0 .net "bin2bcd_dout", 31 0, o0x7fb492846c28;  0 drivers
v0x600003e3d830_0 .net "clk", 0 0, v0x600003e3e0a0_0;  1 drivers
v0x600003e3d8c0_0 .var "cs", 6 0;
o0x7fb492846c88 .functor BUFZ 32, C4<zzzzzzzzzzzzzzzzzzzzzzzzzzzzzzzz>; HiZ drive
v0x600003e3d950_0 .net "div_dout", 31 0, o0x7fb492846c88;  0 drivers
o0x7fb492846cb8 .functor BUFZ 32, C4<zzzzzzzzzzzzzzzzzzzzzzzzzzzzzzzz>; HiZ drive
v0x600003e3d9e0_0 .net "dpram_dout", 31 0, o0x7fb492846cb8;  0 drivers
o0x7fb492846ce8 .functor BUFZ 32, C4<zzzzzzzzzzzzzzzzzzzzzzzzzzzzzzzz>; HiZ drive
v0x600003e3da70_0 .net "gpio_dout", 31 0, o0x7fb492846ce8;  0 drivers
v0x600003e3db00_0 .net "mem_addr", 31 0, L_0x600003d285a0;  1 drivers
v0x600003e3db90_0 .var "mem_rdata", 31 0;
v0x600003e3dc20_0 .net "mem_rstrb", 0 0, L_0x60000272d1f0;  1 drivers
v0x600003e3dcb0_0 .net "mem_wdata", 31 0, L_0x600003d29f40;  1 drivers
v0x600003e3dd40_0 .net "mem_wmask", 3 0, L_0x60000272d2d0;  1 drivers
v0x600003e3ddd0_0 .net "mult_dout", 31 0, v0x600003e3b690_0;  1 drivers
v0x600003e3de60_0 .net "rd", 0 0, L_0x60000272d5e0;  1 drivers
v0x600003e3def0_0 .net "resetn", 0 0, v0x600003e3e1c0_0;  1 drivers
v0x600003e3df80_0 .net "uart_dout", 31 0, v0x600003e3cc60_0;  1 drivers
v0x600003e3e010_0 .net "wr", 0 0, L_0x600003d2aee0;  1 drivers
E_0x600001904080/0 .event anyedge, v0x600003e3d8c0_0, v0x600003e3d9e0_0, v0x600003e3cc60_0, v0x600003e3da70_0;
E_0x600001904080/1 .event anyedge, v0x600003e3b690_0, v0x600003e3d950_0, v0x600003e3d7a0_0, v0x600003e3a9a0_0;
E_0x600001904080 .event/or E_0x600001904080/0, E_0x600001904080/1;
E_0x600001904100 .event anyedge, v0x600003e39cb0_0;
L_0x600003d2aee0 .reduce/or L_0x60000272d2d0;
L_0x600003d2b020 .part v0x600003e3d8c0_0, 0, 1;
L_0x600003d2b0c0 .part v0x600003e3d8c0_0, 0, 1;
L_0x600003d2b160 .concat [ 1 1 1 1], L_0x600003d2b0c0, L_0x600003d2b0c0, L_0x600003d2b0c0, L_0x600003d2b0c0;
L_0x600003d2b480 .reduce/nor v0x600003e3e1c0_0;
L_0x600003d2b520 .part v0x600003e3d8c0_0, 5, 1;
L_0x600003d2b5c0 .part L_0x600003d285a0, 0, 5;
L_0x600003d2b660 .reduce/nor v0x600003e3e1c0_0;
L_0x600003d2b700 .part L_0x600003d29f40, 0, 16;
L_0x600003d2b7a0 .part v0x600003e3d8c0_0, 3, 1;
L_0x600003d2b840 .part L_0x600003d285a0, 0, 5;
S_0x7fb492a04850 .scope module, "CPU" "FemtoRV32" 4 14, 2 37 0, S_0x7fb492a046e0;
 .timescale 0 0;
    .port_info 0 /INPUT 1 "clk";
    .port_info 1 /OUTPUT 32 "mem_addr";
    .port_info 2 /OUTPUT 32 "mem_wdata";
    .port_info 3 /OUTPUT 4 "mem_wmask";
    .port_info 4 /INPUT 32 "mem_rdata";
    .port_info 5 /OUTPUT 1 "mem_rstrb";
    .port_info 6 /INPUT 1 "mem_rbusy";
    .port_info 7 /INPUT 1 "mem_wbusy";
    .port_info 8 /INPUT 1 "reset";
P_0x7fb492a049c0 .param/l "ADDR_WIDTH" 0 2 52, +C4<00000000000000000000000000011000>;
P_0x7fb492a04a00 .param/l "EXECUTE" 1 2 303, +C4<0000000000000000000000000000000100>;
P_0x7fb492a04a40 .param/l "EXECUTE_bit" 1 2 297, +C4<00000000000000000000000000000010>;
P_0x7fb492a04a80 .param/l "FETCH_INSTR" 1 2 301, +C4<00000000000000000000000000000001>;
P_0x7fb492a04ac0 .param/l "FETCH_INSTR_bit" 1 2 295, +C4<00000000000000000000000000000000>;
P_0x7fb492a04b00 .param/l "NB_STATES" 1 2 299, +C4<00000000000000000000000000000100>;
P_0x7fb492a04b40 .param/l "RESET_ADDR" 0 2 51, C4<00000000000000000000000000000000>;
P_0x7fb492a04b80 .param/l "WAIT_ALU_OR_MEM" 1 2 304, +C4<00000000000000000000000000000001000>;
P_0x7fb492a04bc0 .param/l "WAIT_ALU_OR_MEM_bit" 1 2 298, +C4<00000000000000000000000000000011>;
P_0x7fb492a04c00 .param/l "WAIT_INSTR" 1 2 302, +C4<000000000000000000000000000000010>;
P_0x7fb492a04c40 .param/l "WAIT_INSTR_bit" 1 2 296, +C4<00000000000000000000000000000001>;
L_0x60000272c070 .functor OR 1, L_0x600003d25360, L_0x600003d255e0, C4<0>, C4<0>;
L_0x60000272c0e0 .functor BUFZ 32, v0x600003e3a490_0, C4<00000000000000000000000000000000>, C4<00000000000000000000000000000000>, C4<00000000000000000000000000000000>;
L_0x60000272c150 .functor OR 1, L_0x600003d255e0, L_0x600003d25cc0, C4<0>, C4<0>;
L_0x60000272c1c0 .functor NOT 32, L_0x600003d25d60, C4<00000000000000000000000000000000>, C4<00000000000000000000000000000000>, C4<00000000000000000000000000000000>;
L_0x60000272c230 .functor XOR 1, L_0x600003d261c0, L_0x600003d26260, C4<0>, C4<0>;
L_0x60000272c2a0 .functor AND 1, L_0x600003d26760, L_0x600003d26800, C4<1>, C4<1>;
L_0x60000272c310 .functor OR 32, L_0x600003d269e0, L_0x600003d26bc0, C4<00000000000000000000000000000000>, C4<00000000000000000000000000000000>;
L_0x60000272c380 .functor OR 32, L_0x60000272c310, L_0x600003d26da0, C4<00000000000000000000000000000000>, C4<00000000000000000000000000000000>;
L_0x60000272c3f0 .functor XOR 32, L_0x60000272c0e0, L_0x600003d25d60, C4<00000000000000000000000000000000>, C4<00000000000000000000000000000000>;
L_0x60000272c460 .functor OR 32, L_0x60000272c380, L_0x600003d26ee0, C4<00000000000000000000000000000000>, C4<00000000000000000000000000000000>;
L_0x60000272c4d0 .functor OR 32, L_0x60000272c0e0, L_0x600003d25d60, C4<00000000000000000000000000000000>, C4<00000000000000000000000000000000>;
L_0x60000272c540 .functor OR 32, L_0x60000272c460, L_0x600003d27020, C4<00000000000000000000000000000000>, C4<00000000000000000000000000000000>;
L_0x60000272c5b0 .functor AND 32, L_0x60000272c0e0, L_0x600003d25d60, C4<11111111111111111111111111111111>, C4<11111111111111111111111111111111>;
L_0x60000272c690 .functor OR 32, L_0x60000272c540, L_0x600003d27160, C4<00000000000000000000000000000000>, C4<00000000000000000000000000000000>;
L_0x60000272c700 .functor OR 32, L_0x60000272c690, L_0x600003d27200, C4<00000000000000000000000000000000>, C4<00000000000000000000000000000000>;
L_0x60000272c620 .functor OR 1, L_0x600003d272a0, L_0x600003d27340, C4<0>, C4<0>;
L_0x60000272c770 .functor AND 1, L_0x600003d273e0, L_0x600003d26620, C4<1>, C4<1>;
L_0x60000272c7e0 .functor AND 1, L_0x600003d27480, L_0x600003d27520, C4<1>, C4<1>;
L_0x60000272c850 .functor OR 1, L_0x60000272c770, L_0x60000272c7e0, C4<0>, C4<0>;
L_0x60000272c8c0 .functor AND 1, L_0x600003d27660, L_0x600003d26440, C4<1>, C4<1>;
L_0x60000272c930 .functor OR 1, L_0x60000272c850, L_0x60000272c8c0, C4<0>, C4<0>;
L_0x60000272c9a0 .functor AND 1, L_0x600003d275c0, L_0x600003d27700, C4<1>, C4<1>;
L_0x60000272ca10 .functor OR 1, L_0x60000272c930, L_0x60000272c9a0, C4<0>, C4<0>;
L_0x60000272ca80 .functor AND 1, L_0x600003d277a0, L_0x600003d264e0, C4<1>, C4<1>;
L_0x60000272caf0 .functor OR 1, L_0x60000272ca10, L_0x60000272ca80, C4<0>, C4<0>;
L_0x60000272cb60 .functor AND 1, L_0x600003d27840, L_0x600003d278e0, C4<1>, C4<1>;
L_0x60000272cbd0 .functor OR 1, L_0x60000272caf0, L_0x60000272cb60, C4<0>, C4<0>;
L_0x60000272cc40 .functor OR 1, L_0x600003d28320, L_0x600003d283c0, C4<0>, C4<0>;
L_0x60000272ccb0 .functor OR 32, L_0x600003d28640, L_0x600003d286e0, C4<00000000000000000000000000000000>, C4<00000000000000000000000000000000>;
L_0x60000272cd20 .functor OR 32, L_0x60000272ccb0, L_0x600003d28780, C4<00000000000000000000000000000000>, C4<00000000000000000000000000000000>;
L_0x60000272cd90 .functor OR 32, L_0x60000272cd20, L_0x600003d288c0, C4<00000000000000000000000000000000>, C4<00000000000000000000000000000000>;
L_0x60000272ce00 .functor OR 1, L_0x600003d25900, L_0x600003d257c0, C4<0>, C4<0>;
L_0x60000272ce70 .functor OR 32, L_0x60000272cd90, L_0x600003d28a00, C4<00000000000000000000000000000000>, C4<00000000000000000000000000000000>;
L_0x60000272cee0 .functor OR 32, L_0x60000272ce70, L_0x600003d28aa0, C4<00000000000000000000000000000000>, C4<00000000000000000000000000000000>;
L_0x60000272cf50 .functor AND 1, L_0x600003d28e60, L_0x600003d29040, C4<1>, C4<1>;
L_0x60000272cfc0 .functor OR 1, L_0x600003d25cc0, L_0x600003d254a0, C4<0>, C4<0>;
L_0x60000272d030 .functor NOT 1, L_0x60000272cfc0, C4<0>, C4<0>, C4<0>;
L_0x60000272d0a0 .functor OR 1, L_0x600003d2aa80, L_0x600003d2ab20, C4<0>, C4<0>;
L_0x60000272d110 .functor AND 1, L_0x60000272d030, L_0x60000272d0a0, C4<1>, C4<1>;
L_0x60000272d180 .functor AND 1, L_0x600003d2abc0, L_0x600003d25220, C4<1>, C4<1>;
L_0x60000272d1f0 .functor OR 1, L_0x60000272d180, L_0x600003d2ac60, C4<0>, C4<0>;
L_0x60000272d260 .functor AND 1, L_0x600003d2ad00, L_0x600003d254a0, C4<1>, C4<1>;
L_0x60000272d2d0 .functor AND 4, L_0x600003d2ada0, L_0x600003d2a9e0, C4<1111>, C4<1111>;
L_0x60000272d340 .functor AND 1, L_0x600003d2ae40, L_0x60000272c070, C4<1>, C4<1>;
L_0x60000272d3b0 .functor AND 1, L_0x600003d25cc0, L_0x60000272cbd0, C4<1>, C4<1>;
L_0x60000272d420 .functor OR 1, L_0x600003d257c0, L_0x60000272d3b0, C4<0>, C4<0>;
L_0x60000272d490 .functor OR 1, L_0x600003d25220, L_0x600003d254a0, C4<0>, C4<0>;
L_0x60000272d500 .functor AND 1, L_0x60000272c070, L_0x60000272c620, C4<1>, C4<1>;
L_0x60000272d570 .functor OR 1, L_0x60000272d490, L_0x60000272d500, C4<0>, C4<0>;
v0x600003e30630_0 .net "Bimm", 31 0, L_0x600003d24dc0;  1 drivers
v0x600003e306c0_0 .net "EQ", 0 0, L_0x600003d26620;  1 drivers
v0x600003e30750_0 .net "Iimm", 31 0, L_0x600003d24640;  1 drivers
v0x600003e307e0_0 .net "Jimm", 31 0, L_0x600003d250e0;  1 drivers
v0x600003e30870_0 .net "LOAD_byte", 7 0, L_0x600003d29900;  1 drivers
v0x600003e30900_0 .net "LOAD_data", 31 0, L_0x600003d29400;  1 drivers
v0x600003e30990_0 .net "LOAD_halfword", 15 0, L_0x600003d29680;  1 drivers
v0x600003e30a20_0 .net "LOAD_sign", 0 0, L_0x60000272cf50;  1 drivers
v0x600003e30ab0_0 .net "LT", 0 0, L_0x600003d26440;  1 drivers
v0x600003e30b40_0 .net "LTU", 0 0, L_0x600003d264e0;  1 drivers
v0x600003e30bd0_0 .var "PC", 23 0;
v0x600003e30c60_0 .net "PCplus4", 23 0, L_0x600003d27980;  1 drivers
v0x600003e30cf0_0 .net "PCplusImm", 23 0, L_0x600003d27e80;  1 drivers
v0x600003e30d80_0 .net "STORE_wmask", 3 0, L_0x600003d2a9e0;  1 drivers
v0x600003e30e10_0 .net "Simm", 31 0, L_0x600003d24960;  1 drivers
v0x600003e30ea0_0 .net "Uimm", 31 0, L_0x600003d243c0;  1 drivers
v0x600003e30f30_0 .net *"_ivl_101", 4 0, L_0x600003d259a0;  1 drivers
L_0x7fb4928732d8 .functor BUFT 1, C4<01101>, C4<0>, C4<0>, C4<0>;
v0x600003e30fc0_0 .net/2u *"_ivl_102", 4 0, L_0x7fb4928732d8;  1 drivers
v0x600003e31050_0 .net *"_ivl_107", 4 0, L_0x600003d25ae0;  1 drivers
L_0x7fb492873320 .functor BUFT 1, C4<00101>, C4<0>, C4<0>, C4<0>;
v0x600003e310e0_0 .net/2u *"_ivl_108", 4 0, L_0x7fb492873320;  1 drivers
v0x600003e31170_0 .net *"_ivl_11", 18 0, L_0x600003d24320;  1 drivers
v0x600003e31200_0 .net *"_ivl_113", 4 0, L_0x600003d25c20;  1 drivers
L_0x7fb492873368 .functor BUFT 1, C4<11000>, C4<0>, C4<0>, C4<0>;
v0x600003e31290_0 .net/2u *"_ivl_114", 4 0, L_0x7fb492873368;  1 drivers
L_0x7fb492873050 .functor BUFT 1, C4<000000000000>, C4<0>, C4<0>, C4<0>;
v0x600003e31320_0 .net/2u *"_ivl_12", 11 0, L_0x7fb492873050;  1 drivers
v0x600003e313b0_0 .net *"_ivl_122", 0 0, L_0x60000272c150;  1 drivers
L_0x7fb4928733b0 .functor BUFT 1, C4<1>, C4<0>, C4<0>, C4<0>;
v0x600003e31440_0 .net/2u *"_ivl_130", 0 0, L_0x7fb4928733b0;  1 drivers
v0x600003e314d0_0 .net *"_ivl_132", 31 0, L_0x60000272c1c0;  1 drivers
v0x600003e31560_0 .net *"_ivl_134", 32 0, L_0x600003d25f40;  1 drivers
L_0x7fb4928733f8 .functor BUFT 1, C4<0>, C4<0>, C4<0>, C4<0>;
v0x600003e315f0_0 .net/2u *"_ivl_136", 0 0, L_0x7fb4928733f8;  1 drivers
v0x600003e31680_0 .net *"_ivl_138", 32 0, L_0x600003d25fe0;  1 drivers
v0x600003e31710_0 .net *"_ivl_140", 32 0, L_0x600003d26080;  1 drivers
L_0x7fb492873440 .functor BUFT 1, C4<000000000000000000000000000000001>, C4<0>, C4<0>, C4<0>;
v0x600003e317a0_0 .net/2u *"_ivl_142", 32 0, L_0x7fb492873440;  1 drivers
v0x600003e31830_0 .net *"_ivl_147", 0 0, L_0x600003d261c0;  1 drivers
v0x600003e318c0_0 .net *"_ivl_149", 0 0, L_0x600003d26260;  1 drivers
v0x600003e31950_0 .net *"_ivl_150", 0 0, L_0x60000272c230;  1 drivers
v0x600003e319e0_0 .net *"_ivl_153", 0 0, L_0x600003d26300;  1 drivers
v0x600003e31a70_0 .net *"_ivl_155", 0 0, L_0x600003d263a0;  1 drivers
v0x600003e31b00_0 .net *"_ivl_161", 31 0, L_0x600003d26580;  1 drivers
L_0x7fb492873488 .functor BUFT 1, C4<00000000000000000000000000000000>, C4<0>, C4<0>, C4<0>;
v0x600003e31b90_0 .net/2u *"_ivl_162", 31 0, L_0x7fb492873488;  1 drivers
v0x600003e31c20_0 .net *"_ivl_167", 0 0, L_0x600003d266c0;  1 drivers
v0x600003e31cb0_0 .net *"_ivl_169", 0 0, L_0x600003d26760;  1 drivers
v0x600003e31d40_0 .net *"_ivl_17", 0 0, L_0x600003d24460;  1 drivers
v0x600003e31dd0_0 .net *"_ivl_171", 0 0, L_0x600003d26800;  1 drivers
v0x600003e31e60_0 .net *"_ivl_172", 0 0, L_0x60000272c2a0;  1 drivers
v0x600003e31ef0_0 .net *"_ivl_175", 31 0, L_0x600003d268a0;  1 drivers
v0x600003e31f80_0 .net *"_ivl_176", 31 0, L_0x600003d26940;  1 drivers
L_0x7fb4928734d0 .functor BUFT 1, C4<00000000000000000000000000000000>, C4<0>, C4<0>, C4<0>;
v0x600003e32010_0 .net/2u *"_ivl_178", 31 0, L_0x7fb4928734d0;  1 drivers
v0x600003e320a0_0 .net *"_ivl_18", 20 0, L_0x600003d24500;  1 drivers
v0x600003e32130_0 .net *"_ivl_180", 31 0, L_0x600003d269e0;  1 drivers
v0x600003e321c0_0 .net *"_ivl_183", 0 0, L_0x600003d26a80;  1 drivers
L_0x7fb492873518 .functor BUFT 1, C4<0000000000000000000000000000000>, C4<0>, C4<0>, C4<0>;
v0x600003e32250_0 .net/2u *"_ivl_184", 30 0, L_0x7fb492873518;  1 drivers
v0x600003e322e0_0 .net *"_ivl_186", 31 0, L_0x600003d26b20;  1 drivers
L_0x7fb492873560 .functor BUFT 1, C4<00000000000000000000000000000000>, C4<0>, C4<0>, C4<0>;
v0x600003e32370_0 .net/2u *"_ivl_188", 31 0, L_0x7fb492873560;  1 drivers
v0x600003e32400_0 .net *"_ivl_190", 31 0, L_0x600003d26bc0;  1 drivers
v0x600003e32490_0 .net *"_ivl_192", 31 0, L_0x60000272c310;  1 drivers
v0x600003e32520_0 .net *"_ivl_195", 0 0, L_0x600003d26c60;  1 drivers
L_0x7fb4928735a8 .functor BUFT 1, C4<0000000000000000000000000000000>, C4<0>, C4<0>, C4<0>;
v0x600003e325b0_0 .net/2u *"_ivl_196", 30 0, L_0x7fb4928735a8;  1 drivers
v0x600003e32640_0 .net *"_ivl_198", 31 0, L_0x600003d26d00;  1 drivers
L_0x7fb492873008 .functor BUFT 1, C4<00000001>, C4<0>, C4<0>, C4<0>;
v0x600003e326d0_0 .net/2u *"_ivl_2", 7 0, L_0x7fb492873008;  1 drivers
L_0x7fb4928735f0 .functor BUFT 1, C4<00000000000000000000000000000000>, C4<0>, C4<0>, C4<0>;
v0x600003e32760_0 .net/2u *"_ivl_200", 31 0, L_0x7fb4928735f0;  1 drivers
v0x600003e327f0_0 .net *"_ivl_202", 31 0, L_0x600003d26da0;  1 drivers
v0x600003e32880_0 .net *"_ivl_204", 31 0, L_0x60000272c380;  1 drivers
v0x600003e32910_0 .net *"_ivl_207", 0 0, L_0x600003d26e40;  1 drivers
v0x600003e329a0_0 .net *"_ivl_208", 31 0, L_0x60000272c3f0;  1 drivers
v0x600003e32a30_0 .net *"_ivl_21", 10 0, L_0x600003d245a0;  1 drivers
L_0x7fb492873638 .functor BUFT 1, C4<00000000000000000000000000000000>, C4<0>, C4<0>, C4<0>;
v0x600003e32ac0_0 .net/2u *"_ivl_210", 31 0, L_0x7fb492873638;  1 drivers
v0x600003e32b50_0 .net *"_ivl_212", 31 0, L_0x600003d26ee0;  1 drivers
v0x600003e32be0_0 .net *"_ivl_214", 31 0, L_0x60000272c460;  1 drivers
v0x600003e32c70_0 .net *"_ivl_217", 0 0, L_0x600003d26f80;  1 drivers
v0x600003e32d00_0 .net *"_ivl_218", 31 0, L_0x60000272c4d0;  1 drivers
L_0x7fb492873680 .functor BUFT 1, C4<00000000000000000000000000000000>, C4<0>, C4<0>, C4<0>;
v0x600003e32d90_0 .net/2u *"_ivl_220", 31 0, L_0x7fb492873680;  1 drivers
v0x600003e32e20_0 .net *"_ivl_222", 31 0, L_0x600003d27020;  1 drivers
v0x600003e32eb0_0 .net *"_ivl_224", 31 0, L_0x60000272c540;  1 drivers
v0x600003e32f40_0 .net *"_ivl_227", 0 0, L_0x600003d270c0;  1 drivers
v0x600003e32fd0_0 .net *"_ivl_228", 31 0, L_0x60000272c5b0;  1 drivers
L_0x7fb4928736c8 .functor BUFT 1, C4<00000000000000000000000000000000>, C4<0>, C4<0>, C4<0>;
v0x600003e33060_0 .net/2u *"_ivl_230", 31 0, L_0x7fb4928736c8;  1 drivers
v0x600003e330f0_0 .net *"_ivl_232", 31 0, L_0x600003d27160;  1 drivers
v0x600003e33180_0 .net *"_ivl_234", 31 0, L_0x60000272c690;  1 drivers
L_0x7fb492873710 .functor BUFT 1, C4<00000000000000000000000000000000>, C4<0>, C4<0>, C4<0>;
v0x600003e33210_0 .net/2u *"_ivl_236", 31 0, L_0x7fb492873710;  1 drivers
v0x600003e332a0_0 .net *"_ivl_238", 31 0, L_0x600003d27200;  1 drivers
v0x600003e33330_0 .net *"_ivl_243", 0 0, L_0x600003d272a0;  1 drivers
v0x600003e333c0_0 .net *"_ivl_245", 0 0, L_0x600003d27340;  1 drivers
v0x600003e33450_0 .net *"_ivl_249", 0 0, L_0x600003d273e0;  1 drivers
v0x600003e334e0_0 .net *"_ivl_25", 0 0, L_0x600003d246e0;  1 drivers
v0x600003e33570_0 .net *"_ivl_250", 0 0, L_0x60000272c770;  1 drivers
v0x600003e33600_0 .net *"_ivl_253", 0 0, L_0x600003d27480;  1 drivers
v0x600003e33690_0 .net *"_ivl_255", 0 0, L_0x600003d27520;  1 drivers
v0x600003e33720_0 .net *"_ivl_256", 0 0, L_0x60000272c7e0;  1 drivers
v0x600003e337b0_0 .net *"_ivl_258", 0 0, L_0x60000272c850;  1 drivers
v0x600003e33840_0 .net *"_ivl_26", 20 0, L_0x600003d24780;  1 drivers
v0x600003e338d0_0 .net *"_ivl_261", 0 0, L_0x600003d27660;  1 drivers
v0x600003e33960_0 .net *"_ivl_262", 0 0, L_0x60000272c8c0;  1 drivers
v0x600003e339f0_0 .net *"_ivl_264", 0 0, L_0x60000272c930;  1 drivers
v0x600003e33a80_0 .net *"_ivl_267", 0 0, L_0x600003d275c0;  1 drivers
v0x600003e33b10_0 .net *"_ivl_269", 0 0, L_0x600003d27700;  1 drivers
v0x600003e33ba0_0 .net *"_ivl_270", 0 0, L_0x60000272c9a0;  1 drivers
v0x600003e33c30_0 .net *"_ivl_272", 0 0, L_0x60000272ca10;  1 drivers
v0x600003e33cc0_0 .net *"_ivl_275", 0 0, L_0x600003d277a0;  1 drivers
v0x600003e33d50_0 .net *"_ivl_276", 0 0, L_0x60000272ca80;  1 drivers
v0x600003e33de0_0 .net *"_ivl_278", 0 0, L_0x60000272caf0;  1 drivers
v0x600003e33e70_0 .net *"_ivl_281", 0 0, L_0x600003d27840;  1 drivers
v0x600003e33f00_0 .net *"_ivl_283", 0 0, L_0x600003d278e0;  1 drivers
v0x600003e34000_0 .net *"_ivl_284", 0 0, L_0x60000272cb60;  1 drivers
L_0x7fb492873758 .functor BUFT 1, C4<000000000000000000000100>, C4<0>, C4<0>, C4<0>;
v0x600003e34090_0 .net/2u *"_ivl_288", 23 0, L_0x7fb492873758;  1 drivers
v0x600003e34120_0 .net *"_ivl_29", 5 0, L_0x600003d24820;  1 drivers
v0x600003e341b0_0 .net *"_ivl_293", 0 0, L_0x600003d27a20;  1 drivers
v0x600003e34240_0 .net *"_ivl_295", 23 0, L_0x600003d27ac0;  1 drivers
v0x600003e342d0_0 .net *"_ivl_297", 0 0, L_0x600003d27b60;  1 drivers
v0x600003e34360_0 .net *"_ivl_299", 23 0, L_0x600003d27c00;  1 drivers
v0x600003e343f0_0 .net *"_ivl_301", 23 0, L_0x600003d27ca0;  1 drivers
v0x600003e34480_0 .net *"_ivl_302", 23 0, L_0x600003d27d40;  1 drivers
v0x600003e34510_0 .net *"_ivl_304", 23 0, L_0x600003d27de0;  1 drivers
v0x600003e345a0_0 .net *"_ivl_309", 23 0, L_0x600003d27f20;  1 drivers
v0x600003e34630_0 .net *"_ivl_31", 4 0, L_0x600003d248c0;  1 drivers
v0x600003e346c0_0 .net *"_ivl_311", 0 0, L_0x600003d28000;  1 drivers
v0x600003e34750_0 .net *"_ivl_313", 23 0, L_0x600003d280a0;  1 drivers
v0x600003e347e0_0 .net *"_ivl_315", 23 0, L_0x600003d28140;  1 drivers
v0x600003e34870_0 .net *"_ivl_316", 23 0, L_0x600003d281e0;  1 drivers
v0x600003e34900_0 .net *"_ivl_321", 0 0, L_0x600003d28320;  1 drivers
v0x600003e34990_0 .net *"_ivl_323", 0 0, L_0x600003d283c0;  1 drivers
v0x600003e34a20_0 .net *"_ivl_324", 0 0, L_0x60000272cc40;  1 drivers
v0x600003e34ab0_0 .net *"_ivl_326", 31 0, L_0x600003d28460;  1 drivers
L_0x7fb4928737a0 .functor BUFT 1, C4<00000000>, C4<0>, C4<0>, C4<0>;
v0x600003e34b40_0 .net *"_ivl_329", 7 0, L_0x7fb4928737a0;  1 drivers
v0x600003e34bd0_0 .net *"_ivl_330", 31 0, L_0x600003d28500;  1 drivers
L_0x7fb4928737e8 .functor BUFT 1, C4<00000000>, C4<0>, C4<0>, C4<0>;
v0x600003e34c60_0 .net *"_ivl_333", 7 0, L_0x7fb4928737e8;  1 drivers
L_0x7fb492873830 .functor BUFT 1, C4<00000000000000000000000000000000>, C4<0>, C4<0>, C4<0>;
v0x600003e34cf0_0 .net/2u *"_ivl_336", 31 0, L_0x7fb492873830;  1 drivers
v0x600003e34d80_0 .net *"_ivl_338", 31 0, L_0x600003d28640;  1 drivers
L_0x7fb492873878 .functor BUFT 1, C4<00000000000000000000000000000000>, C4<0>, C4<0>, C4<0>;
v0x600003e34e10_0 .net/2u *"_ivl_340", 31 0, L_0x7fb492873878;  1 drivers
v0x600003e34ea0_0 .net *"_ivl_342", 31 0, L_0x600003d286e0;  1 drivers
v0x600003e34f30_0 .net *"_ivl_344", 31 0, L_0x60000272ccb0;  1 drivers
L_0x7fb4928738c0 .functor BUFT 1, C4<00000000000000000000000000000000>, C4<0>, C4<0>, C4<0>;
v0x600003e34fc0_0 .net/2u *"_ivl_346", 31 0, L_0x7fb4928738c0;  1 drivers
v0x600003e35050_0 .net *"_ivl_348", 31 0, L_0x600003d28780;  1 drivers
v0x600003e350e0_0 .net *"_ivl_35", 0 0, L_0x600003d24a00;  1 drivers
v0x600003e35170_0 .net *"_ivl_350", 31 0, L_0x60000272cd20;  1 drivers
v0x600003e35200_0 .net *"_ivl_352", 31 0, L_0x600003d28820;  1 drivers
L_0x7fb492873908 .functor BUFT 1, C4<00000000>, C4<0>, C4<0>, C4<0>;
v0x600003e35290_0 .net *"_ivl_355", 7 0, L_0x7fb492873908;  1 drivers
L_0x7fb492873950 .functor BUFT 1, C4<00000000000000000000000000000000>, C4<0>, C4<0>, C4<0>;
v0x600003e35320_0 .net/2u *"_ivl_356", 31 0, L_0x7fb492873950;  1 drivers
v0x600003e353b0_0 .net *"_ivl_358", 31 0, L_0x600003d288c0;  1 drivers
v0x600003e35440_0 .net *"_ivl_36", 19 0, L_0x600003d24aa0;  1 drivers
v0x600003e354d0_0 .net *"_ivl_360", 31 0, L_0x60000272cd90;  1 drivers
v0x600003e35560_0 .net *"_ivl_362", 0 0, L_0x60000272ce00;  1 drivers
v0x600003e355f0_0 .net *"_ivl_364", 31 0, L_0x600003d28960;  1 drivers
L_0x7fb492873998 .functor BUFT 1, C4<00000000>, C4<0>, C4<0>, C4<0>;
v0x600003e35680_0 .net *"_ivl_367", 7 0, L_0x7fb492873998;  1 drivers
L_0x7fb4928739e0 .functor BUFT 1, C4<00000000000000000000000000000000>, C4<0>, C4<0>, C4<0>;
v0x600003e35710_0 .net/2u *"_ivl_368", 31 0, L_0x7fb4928739e0;  1 drivers
v0x600003e357a0_0 .net *"_ivl_370", 31 0, L_0x600003d28a00;  1 drivers
v0x600003e35830_0 .net *"_ivl_372", 31 0, L_0x60000272ce70;  1 drivers
L_0x7fb492873a28 .functor BUFT 1, C4<00000000000000000000000000000000>, C4<0>, C4<0>, C4<0>;
v0x600003e358c0_0 .net/2u *"_ivl_374", 31 0, L_0x7fb492873a28;  1 drivers
v0x600003e35950_0 .net *"_ivl_376", 31 0, L_0x600003d28aa0;  1 drivers
v0x600003e359e0_0 .net *"_ivl_381", 1 0, L_0x600003d28b40;  1 drivers
L_0x7fb492873a70 .functor BUFT 1, C4<00>, C4<0>, C4<0>, C4<0>;
v0x600003e35a70_0 .net/2u *"_ivl_382", 1 0, L_0x7fb492873a70;  1 drivers
v0x600003e35b00_0 .net *"_ivl_387", 1 0, L_0x600003d28c80;  1 drivers
L_0x7fb492873ab8 .functor BUFT 1, C4<01>, C4<0>, C4<0>, C4<0>;
v0x600003e35b90_0 .net/2u *"_ivl_388", 1 0, L_0x7fb492873ab8;  1 drivers
v0x600003e35c20_0 .net *"_ivl_39", 0 0, L_0x600003d24b40;  1 drivers
v0x600003e35cb0_0 .net *"_ivl_393", 0 0, L_0x600003d28dc0;  1 drivers
v0x600003e35d40_0 .net *"_ivl_395", 0 0, L_0x600003d28e60;  1 drivers
v0x600003e35dd0_0 .net *"_ivl_397", 0 0, L_0x600003d28f00;  1 drivers
v0x600003e35e60_0 .net *"_ivl_399", 0 0, L_0x600003d28fa0;  1 drivers
v0x600003e35ef0_0 .net *"_ivl_400", 0 0, L_0x600003d29040;  1 drivers
v0x600003e35f80_0 .net *"_ivl_404", 23 0, L_0x600003d290e0;  1 drivers
v0x600003e36010_0 .net *"_ivl_406", 31 0, L_0x600003d29180;  1 drivers
v0x600003e360a0_0 .net *"_ivl_408", 15 0, L_0x600003d29220;  1 drivers
v0x600003e36130_0 .net *"_ivl_41", 5 0, L_0x600003d24be0;  1 drivers
v0x600003e361c0_0 .net *"_ivl_410", 31 0, L_0x600003d292c0;  1 drivers
v0x600003e36250_0 .net *"_ivl_412", 31 0, L_0x600003d29360;  1 drivers
v0x600003e362e0_0 .net *"_ivl_417", 0 0, L_0x600003d294a0;  1 drivers
v0x600003e36370_0 .net *"_ivl_419", 15 0, L_0x600003d29540;  1 drivers
v0x600003e36400_0 .net *"_ivl_421", 15 0, L_0x600003d295e0;  1 drivers
v0x600003e36490_0 .net *"_ivl_425", 0 0, L_0x600003d29720;  1 drivers
v0x600003e36520_0 .net *"_ivl_427", 7 0, L_0x600003d297c0;  1 drivers
v0x600003e365b0_0 .net *"_ivl_429", 7 0, L_0x600003d29860;  1 drivers
v0x600003e36640_0 .net *"_ivl_43", 3 0, L_0x600003d24d20;  1 drivers
v0x600003e366d0_0 .net *"_ivl_435", 7 0, L_0x600003d299a0;  1 drivers
v0x600003e36760_0 .net *"_ivl_439", 0 0, L_0x600003d29a40;  1 drivers
L_0x7fb492873098 .functor BUFT 1, C4<0>, C4<0>, C4<0>, C4<0>;
v0x600003e367f0_0 .net/2u *"_ivl_44", 0 0, L_0x7fb492873098;  1 drivers
v0x600003e36880_0 .net *"_ivl_441", 7 0, L_0x600003d29ae0;  1 drivers
v0x600003e36910_0 .net *"_ivl_443", 7 0, L_0x600003d29b80;  1 drivers
v0x600003e369a0_0 .net *"_ivl_444", 7 0, L_0x600003d29c20;  1 drivers
v0x600003e36a30_0 .net *"_ivl_449", 0 0, L_0x600003d29cc0;  1 drivers
v0x600003e36ac0_0 .net *"_ivl_451", 7 0, L_0x600003d29d60;  1 drivers
v0x600003e36b50_0 .net *"_ivl_453", 7 0, L_0x600003d29e00;  1 drivers
v0x600003e36be0_0 .net *"_ivl_454", 7 0, L_0x600003d29ea0;  1 drivers
v0x600003e36c70_0 .net *"_ivl_460", 0 0, L_0x600003d29fe0;  1 drivers
v0x600003e36d00_0 .net *"_ivl_462", 7 0, L_0x600003d2a080;  1 drivers
v0x600003e36d90_0 .net *"_ivl_464", 0 0, L_0x600003d2a120;  1 drivers
v0x600003e36e20_0 .net *"_ivl_466", 7 0, L_0x600003d2a1c0;  1 drivers
v0x600003e36eb0_0 .net *"_ivl_468", 7 0, L_0x600003d2a260;  1 drivers
v0x600003e36f40_0 .net *"_ivl_469", 7 0, L_0x600003d2a300;  1 drivers
v0x600003e36fd0_0 .net *"_ivl_471", 7 0, L_0x600003d2a3a0;  1 drivers
v0x600003e37060_0 .net *"_ivl_474", 0 0, L_0x600003d2a440;  1 drivers
v0x600003e370f0_0 .net *"_ivl_476", 0 0, L_0x600003d2a4e0;  1 drivers
L_0x7fb492873b00 .functor BUFT 1, C4<1000>, C4<0>, C4<0>, C4<0>;
v0x600003e37180_0 .net/2u *"_ivl_477", 3 0, L_0x7fb492873b00;  1 drivers
L_0x7fb492873b48 .functor BUFT 1, C4<0100>, C4<0>, C4<0>, C4<0>;
v0x600003e37210_0 .net/2u *"_ivl_479", 3 0, L_0x7fb492873b48;  1 drivers
v0x600003e372a0_0 .net *"_ivl_481", 3 0, L_0x600003d2a580;  1 drivers
v0x600003e37330_0 .net *"_ivl_484", 0 0, L_0x600003d2a620;  1 drivers
L_0x7fb492873b90 .functor BUFT 1, C4<0010>, C4<0>, C4<0>, C4<0>;
v0x600003e373c0_0 .net/2u *"_ivl_485", 3 0, L_0x7fb492873b90;  1 drivers
L_0x7fb492873bd8 .functor BUFT 1, C4<0001>, C4<0>, C4<0>, C4<0>;
v0x600003e37450_0 .net/2u *"_ivl_487", 3 0, L_0x7fb492873bd8;  1 drivers
v0x600003e374e0_0 .net *"_ivl_489", 3 0, L_0x600003d2a6c0;  1 drivers
v0x600003e37570_0 .net *"_ivl_49", 0 0, L_0x600003d24c80;  1 drivers
v0x600003e37600_0 .net *"_ivl_491", 3 0, L_0x600003d2a760;  1 drivers
v0x600003e37690_0 .net *"_ivl_494", 0 0, L_0x600003d2a800;  1 drivers
L_0x7fb492873c20 .functor BUFT 1, C4<1100>, C4<0>, C4<0>, C4<0>;
v0x600003e37720_0 .net/2u *"_ivl_495", 3 0, L_0x7fb492873c20;  1 drivers
L_0x7fb492873c68 .functor BUFT 1, C4<0011>, C4<0>, C4<0>, C4<0>;
v0x600003e377b0_0 .net/2u *"_ivl_497", 3 0, L_0x7fb492873c68;  1 drivers
v0x600003e37840_0 .net *"_ivl_499", 3 0, L_0x600003d2a8a0;  1 drivers
v0x600003e378d0_0 .net *"_ivl_5", 2 0, L_0x600003d24140;  1 drivers
v0x600003e37960_0 .net *"_ivl_50", 11 0, L_0x600003d24e60;  1 drivers
L_0x7fb492873cb0 .functor BUFT 1, C4<1111>, C4<0>, C4<0>, C4<0>;
v0x600003e379f0_0 .net/2u *"_ivl_501", 3 0, L_0x7fb492873cb0;  1 drivers
v0x600003e37a80_0 .net *"_ivl_503", 3 0, L_0x600003d2a940;  1 drivers
v0x600003e37b10_0 .net *"_ivl_507", 0 0, L_0x60000272cfc0;  1 drivers
v0x600003e37ba0_0 .net *"_ivl_509", 0 0, L_0x60000272d030;  1 drivers
v0x600003e37c30_0 .net *"_ivl_512", 0 0, L_0x600003d2aa80;  1 drivers
v0x600003e37cc0_0 .net *"_ivl_514", 0 0, L_0x600003d2ab20;  1 drivers
v0x600003e37d50_0 .net *"_ivl_515", 0 0, L_0x60000272d0a0;  1 drivers
v0x600003e37de0_0 .net *"_ivl_520", 0 0, L_0x600003d2abc0;  1 drivers
v0x600003e37e70_0 .net *"_ivl_521", 0 0, L_0x60000272d180;  1 drivers
v0x600003e37f00_0 .net *"_ivl_524", 0 0, L_0x600003d2ac60;  1 drivers
v0x600003e38000_0 .net *"_ivl_528", 0 0, L_0x600003d2ad00;  1 drivers
v0x600003e38090_0 .net *"_ivl_529", 0 0, L_0x60000272d260;  1 drivers
v0x600003e38120_0 .net *"_ivl_53", 7 0, L_0x600003d24f00;  1 drivers
v0x600003e381b0_0 .net *"_ivl_531", 3 0, L_0x600003d2ada0;  1 drivers
v0x600003e38240_0 .net *"_ivl_536", 0 0, L_0x600003d2ae40;  1 drivers
v0x600003e382d0_0 .net *"_ivl_539", 0 0, L_0x60000272d3b0;  1 drivers
v0x600003e38360_0 .net *"_ivl_543", 0 0, L_0x60000272d490;  1 drivers
v0x600003e383f0_0 .net *"_ivl_545", 0 0, L_0x60000272d500;  1 drivers
v0x600003e38480_0 .net *"_ivl_55", 0 0, L_0x600003d24fa0;  1 drivers
v0x600003e38510_0 .net *"_ivl_57", 9 0, L_0x600003d25040;  1 drivers
L_0x7fb4928730e0 .functor BUFT 1, C4<0>, C4<0>, C4<0>, C4<0>;
v0x600003e385a0_0 .net/2u *"_ivl_58", 0 0, L_0x7fb4928730e0;  1 drivers
v0x600003e38630_0 .net *"_ivl_63", 4 0, L_0x600003d25180;  1 drivers
L_0x7fb492873128 .functor BUFT 1, C4<00000>, C4<0>, C4<0>, C4<0>;
v0x600003e386c0_0 .net/2u *"_ivl_64", 4 0, L_0x7fb492873128;  1 drivers
v0x600003e38750_0 .net *"_ivl_69", 4 0, L_0x600003d252c0;  1 drivers
L_0x7fb492873170 .functor BUFT 1, C4<00100>, C4<0>, C4<0>, C4<0>;
v0x600003e387e0_0 .net/2u *"_ivl_70", 4 0, L_0x7fb492873170;  1 drivers
v0x600003e38870_0 .net *"_ivl_75", 4 0, L_0x600003d25400;  1 drivers
L_0x7fb4928731b8 .functor BUFT 1, C4<01000>, C4<0>, C4<0>, C4<0>;
v0x600003e38900_0 .net/2u *"_ivl_76", 4 0, L_0x7fb4928731b8;  1 drivers
v0x600003e38990_0 .net *"_ivl_81", 4 0, L_0x600003d25540;  1 drivers
L_0x7fb492873200 .functor BUFT 1, C4<01100>, C4<0>, C4<0>, C4<0>;
v0x600003e38a20_0 .net/2u *"_ivl_82", 4 0, L_0x7fb492873200;  1 drivers
v0x600003e38ab0_0 .net *"_ivl_87", 4 0, L_0x600003d25680;  1 drivers
L_0x7fb492873248 .functor BUFT 1, C4<11100>, C4<0>, C4<0>, C4<0>;
v0x600003e38b40_0 .net/2u *"_ivl_88", 4 0, L_0x7fb492873248;  1 drivers
v0x600003e38bd0_0 .net *"_ivl_9", 0 0, L_0x600003d24280;  1 drivers
v0x600003e38c60_0 .net *"_ivl_95", 4 0, L_0x600003d25860;  1 drivers
L_0x7fb492873290 .functor BUFT 1, C4<11001>, C4<0>, C4<0>, C4<0>;
v0x600003e38cf0_0 .net/2u *"_ivl_96", 4 0, L_0x7fb492873290;  1 drivers
v0x600003e38d80_0 .net "aluBusy", 0 0, L_0x600003d25e00;  1 drivers
v0x600003e38e10_0 .net "aluIn1", 31 0, L_0x60000272c0e0;  1 drivers
v0x600003e38ea0_0 .net "aluIn2", 31 0, L_0x600003d25d60;  1 drivers
v0x600003e38f30_0 .net "aluMinus", 32 0, L_0x600003d26120;  1 drivers
v0x600003e38fc0_0 .net "aluOut", 31 0, L_0x60000272c700;  1 drivers
v0x600003e39050_0 .net "aluPlus", 31 0, L_0x600003d25ea0;  1 drivers
v0x600003e390e0_0 .var "aluReg", 31 0;
v0x600003e39170_0 .var "aluShamt", 4 0;
v0x600003e39200_0 .net "aluWr", 0 0, L_0x60000272d340;  1 drivers
v0x600003e39290_0 .net "clk", 0 0, v0x600003e3e0a0_0;  alias, 1 drivers
v0x600003e39320_0 .var "cycles", 31 0;
v0x600003e393b0_0 .net "funct3Is", 7 0, L_0x600003d241e0;  1 drivers
v0x600003e39440_0 .net "funct3IsShift", 0 0, L_0x60000272c620;  1 drivers
v0x600003e394d0_0 .var "instr", 31 2;
v0x600003e39560_0 .net "isALU", 0 0, L_0x60000272c070;  1 drivers
v0x600003e395f0_0 .net "isALUimm", 0 0, L_0x600003d25360;  1 drivers
v0x600003e39680_0 .net "isALUreg", 0 0, L_0x600003d255e0;  1 drivers
v0x600003e39710_0 .net "isAUIPC", 0 0, L_0x600003d25b80;  1 drivers
v0x600003e397a0_0 .net "isBranch", 0 0, L_0x600003d25cc0;  1 drivers
v0x600003e39830_0 .net "isJAL", 0 0, L_0x600003d257c0;  1 drivers
v0x600003e398c0_0 .net "isJALR", 0 0, L_0x600003d25900;  1 drivers
v0x600003e39950_0 .net "isLUI", 0 0, L_0x600003d25a40;  1 drivers
v0x600003e399e0_0 .net "isLoad", 0 0, L_0x600003d25220;  1 drivers
v0x600003e39a70_0 .net "isSYSTEM", 0 0, L_0x600003d25720;  1 drivers
v0x600003e39b00_0 .net "isStore", 0 0, L_0x600003d254a0;  1 drivers
v0x600003e39b90_0 .net "jumpToPCplusImm", 0 0, L_0x60000272d420;  1 drivers
v0x600003e39c20_0 .net "loadstore_addr", 23 0, L_0x600003d28280;  1 drivers
v0x600003e39cb0_0 .net "mem_addr", 31 0, L_0x600003d285a0;  alias, 1 drivers
v0x600003e39d40_0 .net "mem_byteAccess", 0 0, L_0x600003d28be0;  1 drivers
v0x600003e39dd0_0 .net "mem_halfwordAccess", 0 0, L_0x600003d28d20;  1 drivers
L_0x7fb492873cf8 .functor BUFT 1, C4<0>, C4<0>, C4<0>, C4<0>;
v0x600003e39e60_0 .net "mem_rbusy", 0 0, L_0x7fb492873cf8;  1 drivers
v0x600003e39ef0_0 .net "mem_rdata", 31 0, v0x600003e3db90_0;  1 drivers
v0x600003e39f80_0 .net "mem_rstrb", 0 0, L_0x60000272d1f0;  alias, 1 drivers
L_0x7fb492873d40 .functor BUFT 1, C4<0>, C4<0>, C4<0>, C4<0>;
v0x600003e3a010_0 .net "mem_wbusy", 0 0, L_0x7fb492873d40;  1 drivers
v0x600003e3a0a0_0 .net "mem_wdata", 31 0, L_0x600003d29f40;  alias, 1 drivers
v0x600003e3a130_0 .net "mem_wmask", 3 0, L_0x60000272d2d0;  alias, 1 drivers
v0x600003e3a1c0_0 .net "needToWait", 0 0, L_0x60000272d570;  1 drivers
v0x600003e3a250_0 .net "predicate", 0 0, L_0x60000272cbd0;  1 drivers
v0x600003e3a2e0_0 .net "rdId", 4 0, L_0x600003d240a0;  1 drivers
v0x600003e3a370 .array "registerFile", 0 31, 31 0;
v0x600003e3a400_0 .net "reset", 0 0, v0x600003e3e1c0_0;  alias, 1 drivers
v0x600003e3a490_0 .var "rs1", 31 0;
v0x600003e3a520_0 .var "rs2", 31 0;
v0x600003e3a5b0_0 .var "state", 3 0;
v0x600003e3a640_0 .net "writeBack", 0 0, L_0x60000272d110;  1 drivers
v0x600003e3a6d0_0 .net "writeBackData", 31 0, L_0x60000272cee0;  1 drivers
E_0x600001904400 .event posedge, v0x600003e39290_0;
L_0x600003d240a0 .part v0x600003e394d0_0, 5, 5;
L_0x600003d24140 .part v0x600003e394d0_0, 10, 3;
L_0x600003d241e0 .shift/l 8, L_0x7fb492873008, L_0x600003d24140;
L_0x600003d24280 .part v0x600003e394d0_0, 29, 1;
L_0x600003d24320 .part v0x600003e394d0_0, 10, 19;
L_0x600003d243c0 .concat [ 12 19 1 0], L_0x7fb492873050, L_0x600003d24320, L_0x600003d24280;
L_0x600003d24460 .part v0x600003e394d0_0, 29, 1;
LS_0x600003d24500_0_0 .concat [ 1 1 1 1], L_0x600003d24460, L_0x600003d24460, L_0x600003d24460, L_0x600003d24460;
LS_0x600003d24500_0_4 .concat [ 1 1 1 1], L_0x600003d24460, L_0x600003d24460, L_0x600003d24460, L_0x600003d24460;
LS_0x600003d24500_0_8 .concat [ 1 1 1 1], L_0x600003d24460, L_0x600003d24460, L_0x600003d24460, L_0x600003d24460;
LS_0x600003d24500_0_12 .concat [ 1 1 1 1], L_0x600003d24460, L_0x600003d24460, L_0x600003d24460, L_0x600003d24460;
LS_0x600003d24500_0_16 .concat [ 1 1 1 1], L_0x600003d24460, L_0x600003d24460, L_0x600003d24460, L_0x600003d24460;
LS_0x600003d24500_0_20 .concat [ 1 0 0 0], L_0x600003d24460;
LS_0x600003d24500_1_0 .concat [ 4 4 4 4], LS_0x600003d24500_0_0, LS_0x600003d24500_0_4, LS_0x600003d24500_0_8, LS_0x600003d24500_0_12;
LS_0x600003d24500_1_4 .concat [ 4 1 0 0], LS_0x600003d24500_0_16, LS_0x600003d24500_0_20;
L_0x600003d24500 .concat [ 16 5 0 0], LS_0x600003d24500_1_0, LS_0x600003d24500_1_4;
L_0x600003d245a0 .part v0x600003e394d0_0, 18, 11;
L_0x600003d24640 .concat [ 11 21 0 0], L_0x600003d245a0, L_0x600003d24500;
L_0x600003d246e0 .part v0x600003e394d0_0, 29, 1;
LS_0x600003d24780_0_0 .concat [ 1 1 1 1], L_0x600003d246e0, L_0x600003d246e0, L_0x600003d246e0, L_0x600003d246e0;
LS_0x600003d24780_0_4 .concat [ 1 1 1 1], L_0x600003d246e0, L_0x600003d246e0, L_0x600003d246e0, L_0x600003d246e0;
LS_0x600003d24780_0_8 .concat [ 1 1 1 1], L_0x600003d246e0, L_0x600003d246e0, L_0x600003d246e0, L_0x600003d246e0;
LS_0x600003d24780_0_12 .concat [ 1 1 1 1], L_0x600003d246e0, L_0x600003d246e0, L_0x600003d246e0, L_0x600003d246e0;
LS_0x600003d24780_0_16 .concat [ 1 1 1 1], L_0x600003d246e0, L_0x600003d246e0, L_0x600003d246e0, L_0x600003d246e0;
LS_0x600003d24780_0_20 .concat [ 1 0 0 0], L_0x600003d246e0;
LS_0x600003d24780_1_0 .concat [ 4 4 4 4], LS_0x600003d24780_0_0, LS_0x600003d24780_0_4, LS_0x600003d24780_0_8, LS_0x600003d24780_0_12;
LS_0x600003d24780_1_4 .concat [ 4 1 0 0], LS_0x600003d24780_0_16, LS_0x600003d24780_0_20;
L_0x600003d24780 .concat [ 16 5 0 0], LS_0x600003d24780_1_0, LS_0x600003d24780_1_4;
L_0x600003d24820 .part v0x600003e394d0_0, 23, 6;
L_0x600003d248c0 .part v0x600003e394d0_0, 5, 5;
L_0x600003d24960 .concat [ 5 6 21 0], L_0x600003d248c0, L_0x600003d24820, L_0x600003d24780;
L_0x600003d24a00 .part v0x600003e394d0_0, 29, 1;
LS_0x600003d24aa0_0_0 .concat [ 1 1 1 1], L_0x600003d24a00, L_0x600003d24a00, L_0x600003d24a00, L_0x600003d24a00;
LS_0x600003d24aa0_0_4 .concat [ 1 1 1 1], L_0x600003d24a00, L_0x600003d24a00, L_0x600003d24a00, L_0x600003d24a00;
LS_0x600003d24aa0_0_8 .concat [ 1 1 1 1], L_0x600003d24a00, L_0x600003d24a00, L_0x600003d24a00, L_0x600003d24a00;
LS_0x600003d24aa0_0_12 .concat [ 1 1 1 1], L_0x600003d24a00, L_0x600003d24a00, L_0x600003d24a00, L_0x600003d24a00;
LS_0x600003d24aa0_0_16 .concat [ 1 1 1 1], L_0x600003d24a00, L_0x600003d24a00, L_0x600003d24a00, L_0x600003d24a00;
LS_0x600003d24aa0_1_0 .concat [ 4 4 4 4], LS_0x600003d24aa0_0_0, LS_0x600003d24aa0_0_4, LS_0x600003d24aa0_0_8, LS_0x600003d24aa0_0_12;
LS_0x600003d24aa0_1_4 .concat [ 4 0 0 0], LS_0x600003d24aa0_0_16;
L_0x600003d24aa0 .concat [ 16 4 0 0], LS_0x600003d24aa0_1_0, LS_0x600003d24aa0_1_4;
L_0x600003d24b40 .part v0x600003e394d0_0, 5, 1;
L_0x600003d24be0 .part v0x600003e394d0_0, 23, 6;
L_0x600003d24d20 .part v0x600003e394d0_0, 6, 4;
LS_0x600003d24dc0_0_0 .concat [ 1 4 6 1], L_0x7fb492873098, L_0x600003d24d20, L_0x600003d24be0, L_0x600003d24b40;
LS_0x600003d24dc0_0_4 .concat [ 20 0 0 0], L_0x600003d24aa0;
L_0x600003d24dc0 .concat [ 12 20 0 0], LS_0x600003d24dc0_0_0, LS_0x600003d24dc0_0_4;
L_0x600003d24c80 .part v0x600003e394d0_0, 29, 1;
LS_0x600003d24e60_0_0 .concat [ 1 1 1 1], L_0x600003d24c80, L_0x600003d24c80, L_0x600003d24c80, L_0x600003d24c80;
LS_0x600003d24e60_0_4 .concat [ 1 1 1 1], L_0x600003d24c80, L_0x600003d24c80, L_0x600003d24c80, L_0x600003d24c80;
LS_0x600003d24e60_0_8 .concat [ 1 1 1 1], L_0x600003d24c80, L_0x600003d24c80, L_0x600003d24c80, L_0x600003d24c80;
L_0x600003d24e60 .concat [ 4 4 4 0], LS_0x600003d24e60_0_0, LS_0x600003d24e60_0_4, LS_0x600003d24e60_0_8;
L_0x600003d24f00 .part v0x600003e394d0_0, 10, 8;
L_0x600003d24fa0 .part v0x600003e394d0_0, 18, 1;
L_0x600003d25040 .part v0x600003e394d0_0, 19, 10;
LS_0x600003d250e0_0_0 .concat [ 1 10 1 8], L_0x7fb4928730e0, L_0x600003d25040, L_0x600003d24fa0, L_0x600003d24f00;
LS_0x600003d250e0_0_4 .concat [ 12 0 0 0], L_0x600003d24e60;
L_0x600003d250e0 .concat [ 20 12 0 0], LS_0x600003d250e0_0_0, LS_0x600003d250e0_0_4;
L_0x600003d25180 .part v0x600003e394d0_0, 0, 5;
L_0x600003d25220 .cmp/eq 5, L_0x600003d25180, L_0x7fb492873128;
L_0x600003d252c0 .part v0x600003e394d0_0, 0, 5;
L_0x600003d25360 .cmp/eq 5, L_0x600003d252c0, L_0x7fb492873170;
L_0x600003d25400 .part v0x600003e394d0_0, 0, 5;
L_0x600003d254a0 .cmp/eq 5, L_0x600003d25400, L_0x7fb4928731b8;
L_0x600003d25540 .part v0x600003e394d0_0, 0, 5;
L_0x600003d255e0 .cmp/eq 5, L_0x600003d25540, L_0x7fb492873200;
L_0x600003d25680 .part v0x600003e394d0_0, 0, 5;
L_0x600003d25720 .cmp/eq 5, L_0x600003d25680, L_0x7fb492873248;
L_0x600003d257c0 .part v0x600003e394d0_0, 1, 1;
L_0x600003d25860 .part v0x600003e394d0_0, 0, 5;
L_0x600003d25900 .cmp/eq 5, L_0x600003d25860, L_0x7fb492873290;
L_0x600003d259a0 .part v0x600003e394d0_0, 0, 5;
L_0x600003d25a40 .cmp/eq 5, L_0x600003d259a0, L_0x7fb4928732d8;
L_0x600003d25ae0 .part v0x600003e394d0_0, 0, 5;
L_0x600003d25b80 .cmp/eq 5, L_0x600003d25ae0, L_0x7fb492873320;
L_0x600003d25c20 .part v0x600003e394d0_0, 0, 5;
L_0x600003d25cc0 .cmp/eq 5, L_0x600003d25c20, L_0x7fb492873368;
L_0x600003d25d60 .functor MUXZ 32, L_0x600003d24640, v0x600003e3a520_0, L_0x60000272c150, C4<>;
L_0x600003d25e00 .reduce/or v0x600003e39170_0;
L_0x600003d25ea0 .arith/sum 32, L_0x60000272c0e0, L_0x600003d25d60;
L_0x600003d25f40 .concat [ 32 1 0 0], L_0x60000272c1c0, L_0x7fb4928733b0;
L_0x600003d25fe0 .concat [ 32 1 0 0], L_0x60000272c0e0, L_0x7fb4928733f8;
L_0x600003d26080 .arith/sum 33, L_0x600003d25f40, L_0x600003d25fe0;
L_0x600003d26120 .arith/sum 33, L_0x600003d26080, L_0x7fb492873440;
L_0x600003d261c0 .part L_0x60000272c0e0, 31, 1;
L_0x600003d26260 .part L_0x600003d25d60, 31, 1;
L_0x600003d26300 .part L_0x60000272c0e0, 31, 1;
L_0x600003d263a0 .part L_0x600003d26120, 32, 1;
L_0x600003d26440 .functor MUXZ 1, L_0x600003d263a0, L_0x600003d26300, L_0x60000272c230, C4<>;
L_0x600003d264e0 .part L_0x600003d26120, 32, 1;
L_0x600003d26580 .part L_0x600003d26120, 0, 32;
L_0x600003d26620 .cmp/eq 32, L_0x600003d26580, L_0x7fb492873488;
L_0x600003d266c0 .part L_0x600003d241e0, 0, 1;
L_0x600003d26760 .part v0x600003e394d0_0, 28, 1;
L_0x600003d26800 .part v0x600003e394d0_0, 3, 1;
L_0x600003d268a0 .part L_0x600003d26120, 0, 32;
L_0x600003d26940 .functor MUXZ 32, L_0x600003d25ea0, L_0x600003d268a0, L_0x60000272c2a0, C4<>;
L_0x600003d269e0 .functor MUXZ 32, L_0x7fb4928734d0, L_0x600003d26940, L_0x600003d266c0, C4<>;
L_0x600003d26a80 .part L_0x600003d241e0, 2, 1;
L_0x600003d26b20 .concat [ 1 31 0 0], L_0x600003d26440, L_0x7fb492873518;
L_0x600003d26bc0 .functor MUXZ 32, L_0x7fb492873560, L_0x600003d26b20, L_0x600003d26a80, C4<>;
L_0x600003d26c60 .part L_0x600003d241e0, 3, 1;
L_0x600003d26d00 .concat [ 1 31 0 0], L_0x600003d264e0, L_0x7fb4928735a8;
L_0x600003d26da0 .functor MUXZ 32, L_0x7fb4928735f0, L_0x600003d26d00, L_0x600003d26c60, C4<>;
L_0x600003d26e40 .part L_0x600003d241e0, 4, 1;
L_0x600003d26ee0 .functor MUXZ 32, L_0x7fb492873638, L_0x60000272c3f0, L_0x600003d26e40, C4<>;
L_0x600003d26f80 .part L_0x600003d241e0, 6, 1;
L_0x600003d27020 .functor MUXZ 32, L_0x7fb492873680, L_0x60000272c4d0, L_0x600003d26f80, C4<>;
L_0x600003d270c0 .part L_0x600003d241e0, 7, 1;
L_0x600003d27160 .functor MUXZ 32, L_0x7fb4928736c8, L_0x60000272c5b0, L_0x600003d270c0, C4<>;
L_0x600003d27200 .functor MUXZ 32, L_0x7fb492873710, v0x600003e390e0_0, L_0x60000272c620, C4<>;
L_0x600003d272a0 .part L_0x600003d241e0, 1, 1;
L_0x600003d27340 .part L_0x600003d241e0, 5, 1;
L_0x600003d273e0 .part L_0x600003d241e0, 0, 1;
L_0x600003d27480 .part L_0x600003d241e0, 1, 1;
L_0x600003d27520 .reduce/nor L_0x600003d26620;
L_0x600003d27660 .part L_0x600003d241e0, 4, 1;
L_0x600003d275c0 .part L_0x600003d241e0, 5, 1;
L_0x600003d27700 .reduce/nor L_0x600003d26440;
L_0x600003d277a0 .part L_0x600003d241e0, 6, 1;
L_0x600003d27840 .part L_0x600003d241e0, 7, 1;
L_0x600003d278e0 .reduce/nor L_0x600003d264e0;
L_0x600003d27980 .arith/sum 24, v0x600003e30bd0_0, L_0x7fb492873758;
L_0x600003d27a20 .part v0x600003e394d0_0, 1, 1;
L_0x600003d27ac0 .part L_0x600003d250e0, 0, 24;
L_0x600003d27b60 .part v0x600003e394d0_0, 2, 1;
L_0x600003d27c00 .part L_0x600003d243c0, 0, 24;
L_0x600003d27ca0 .part L_0x600003d24dc0, 0, 24;
L_0x600003d27d40 .functor MUXZ 24, L_0x600003d27ca0, L_0x600003d27c00, L_0x600003d27b60, C4<>;
L_0x600003d27de0 .functor MUXZ 24, L_0x600003d27d40, L_0x600003d27ac0, L_0x600003d27a20, C4<>;
L_0x600003d27e80 .arith/sum 24, v0x600003e30bd0_0, L_0x600003d27de0;
L_0x600003d27f20 .part v0x600003e3a490_0, 0, 24;
L_0x600003d28000 .part v0x600003e394d0_0, 3, 1;
L_0x600003d280a0 .part L_0x600003d24960, 0, 24;
L_0x600003d28140 .part L_0x600003d24640, 0, 24;
L_0x600003d281e0 .functor MUXZ 24, L_0x600003d28140, L_0x600003d280a0, L_0x600003d28000, C4<>;
L_0x600003d28280 .arith/sum 24, L_0x600003d27f20, L_0x600003d281e0;
L_0x600003d28320 .part v0x600003e3a5b0_0, 1, 1;
L_0x600003d283c0 .part v0x600003e3a5b0_0, 0, 1;
L_0x600003d28460 .concat [ 24 8 0 0], v0x600003e30bd0_0, L_0x7fb4928737a0;
L_0x600003d28500 .concat [ 24 8 0 0], L_0x600003d28280, L_0x7fb4928737e8;
L_0x600003d285a0 .functor MUXZ 32, L_0x600003d28500, L_0x600003d28460, L_0x60000272cc40, C4<>;
L_0x600003d28640 .functor MUXZ 32, L_0x7fb492873830, v0x600003e39320_0, L_0x600003d25720, C4<>;
L_0x600003d286e0 .functor MUXZ 32, L_0x7fb492873878, L_0x600003d243c0, L_0x600003d25a40, C4<>;
L_0x600003d28780 .functor MUXZ 32, L_0x7fb4928738c0, L_0x60000272c700, L_0x60000272c070, C4<>;
L_0x600003d28820 .concat [ 24 8 0 0], L_0x600003d27e80, L_0x7fb492873908;
L_0x600003d288c0 .functor MUXZ 32, L_0x7fb492873950, L_0x600003d28820, L_0x600003d25b80, C4<>;
L_0x600003d28960 .concat [ 24 8 0 0], L_0x600003d27980, L_0x7fb492873998;
L_0x600003d28a00 .functor MUXZ 32, L_0x7fb4928739e0, L_0x600003d28960, L_0x60000272ce00, C4<>;
L_0x600003d28aa0 .functor MUXZ 32, L_0x7fb492873a28, L_0x600003d29400, L_0x600003d25220, C4<>;
L_0x600003d28b40 .part v0x600003e394d0_0, 10, 2;
L_0x600003d28be0 .cmp/eq 2, L_0x600003d28b40, L_0x7fb492873a70;
L_0x600003d28c80 .part v0x600003e394d0_0, 10, 2;
L_0x600003d28d20 .cmp/eq 2, L_0x600003d28c80, L_0x7fb492873ab8;
L_0x600003d28dc0 .part v0x600003e394d0_0, 12, 1;
L_0x600003d28e60 .reduce/nor L_0x600003d28dc0;
L_0x600003d28f00 .part L_0x600003d29900, 7, 1;
L_0x600003d28fa0 .part L_0x600003d29680, 15, 1;
L_0x600003d29040 .functor MUXZ 1, L_0x600003d28fa0, L_0x600003d28f00, L_0x600003d28be0, C4<>;
LS_0x600003d290e0_0_0 .concat [ 1 1 1 1], L_0x60000272cf50, L_0x60000272cf50, L_0x60000272cf50, L_0x60000272cf50;
LS_0x600003d290e0_0_4 .concat [ 1 1 1 1], L_0x60000272cf50, L_0x60000272cf50, L_0x60000272cf50, L_0x60000272cf50;
LS_0x600003d290e0_0_8 .concat [ 1 1 1 1], L_0x60000272cf50, L_0x60000272cf50, L_0x60000272cf50, L_0x60000272cf50;
LS_0x600003d290e0_0_12 .concat [ 1 1 1 1], L_0x60000272cf50, L_0x60000272cf50, L_0x60000272cf50, L_0x60000272cf50;
LS_0x600003d290e0_0_16 .concat [ 1 1 1 1], L_0x60000272cf50, L_0x60000272cf50, L_0x60000272cf50, L_0x60000272cf50;
LS_0x600003d290e0_0_20 .concat [ 1 1 1 1], L_0x60000272cf50, L_0x60000272cf50, L_0x60000272cf50, L_0x60000272cf50;
LS_0x600003d290e0_1_0 .concat [ 4 4 4 4], LS_0x600003d290e0_0_0, LS_0x600003d290e0_0_4, LS_0x600003d290e0_0_8, LS_0x600003d290e0_0_12;
LS_0x600003d290e0_1_4 .concat [ 4 4 0 0], LS_0x600003d290e0_0_16, LS_0x600003d290e0_0_20;
L_0x600003d290e0 .concat [ 16 8 0 0], LS_0x600003d290e0_1_0, LS_0x600003d290e0_1_4;
L_0x600003d29180 .concat [ 8 24 0 0], L_0x600003d29900, L_0x600003d290e0;
LS_0x600003d29220_0_0 .concat [ 1 1 1 1], L_0x60000272cf50, L_0x60000272cf50, L_0x60000272cf50, L_0x60000272cf50;
LS_0x600003d29220_0_4 .concat [ 1 1 1 1], L_0x60000272cf50, L_0x60000272cf50, L_0x60000272cf50, L_0x60000272cf50;
LS_0x600003d29220_0_8 .concat [ 1 1 1 1], L_0x60000272cf50, L_0x60000272cf50, L_0x60000272cf50, L_0x60000272cf50;
LS_0x600003d29220_0_12 .concat [ 1 1 1 1], L_0x60000272cf50, L_0x60000272cf50, L_0x60000272cf50, L_0x60000272cf50;
L_0x600003d29220 .concat [ 4 4 4 4], LS_0x600003d29220_0_0, LS_0x600003d29220_0_4, LS_0x600003d29220_0_8, LS_0x600003d29220_0_12;
L_0x600003d292c0 .concat [ 16 16 0 0], L_0x600003d29680, L_0x600003d29220;
L_0x600003d29360 .functor MUXZ 32, v0x600003e3db90_0, L_0x600003d292c0, L_0x600003d28d20, C4<>;
L_0x600003d29400 .functor MUXZ 32, L_0x600003d29360, L_0x600003d29180, L_0x600003d28be0, C4<>;
L_0x600003d294a0 .part L_0x600003d28280, 1, 1;
L_0x600003d29540 .part v0x600003e3db90_0, 16, 16;
L_0x600003d295e0 .part v0x600003e3db90_0, 0, 16;
L_0x600003d29680 .functor MUXZ 16, L_0x600003d295e0, L_0x600003d29540, L_0x600003d294a0, C4<>;
L_0x600003d29720 .part L_0x600003d28280, 0, 1;
L_0x600003d297c0 .part L_0x600003d29680, 8, 8;
L_0x600003d29860 .part L_0x600003d29680, 0, 8;
L_0x600003d29900 .functor MUXZ 8, L_0x600003d29860, L_0x600003d297c0, L_0x600003d29720, C4<>;
L_0x600003d299a0 .part v0x600003e3a520_0, 0, 8;
L_0x600003d29a40 .part L_0x600003d28280, 0, 1;
L_0x600003d29ae0 .part v0x600003e3a520_0, 0, 8;
L_0x600003d29b80 .part v0x600003e3a520_0, 8, 8;
L_0x600003d29c20 .functor MUXZ 8, L_0x600003d29b80, L_0x600003d29ae0, L_0x600003d29a40, C4<>;
L_0x600003d29cc0 .part L_0x600003d28280, 1, 1;
L_0x600003d29d60 .part v0x600003e3a520_0, 0, 8;
L_0x600003d29e00 .part v0x600003e3a520_0, 16, 8;
L_0x600003d29ea0 .functor MUXZ 8, L_0x600003d29e00, L_0x600003d29d60, L_0x600003d29cc0, C4<>;
L_0x600003d29f40 .concat8 [ 8 8 8 8], L_0x600003d299a0, L_0x600003d29c20, L_0x600003d29ea0, L_0x600003d2a3a0;
L_0x600003d29fe0 .part L_0x600003d28280, 0, 1;
L_0x600003d2a080 .part v0x600003e3a520_0, 0, 8;
L_0x600003d2a120 .part L_0x600003d28280, 1, 1;
L_0x600003d2a1c0 .part v0x600003e3a520_0, 8, 8;
L_0x600003d2a260 .part v0x600003e3a520_0, 24, 8;
L_0x600003d2a300 .functor MUXZ 8, L_0x600003d2a260, L_0x600003d2a1c0, L_0x600003d2a120, C4<>;
L_0x600003d2a3a0 .functor MUXZ 8, L_0x600003d2a300, L_0x600003d2a080, L_0x600003d29fe0, C4<>;
L_0x600003d2a440 .part L_0x600003d28280, 1, 1;
L_0x600003d2a4e0 .part L_0x600003d28280, 0, 1;
L_0x600003d2a580 .functor MUXZ 4, L_0x7fb492873b48, L_0x7fb492873b00, L_0x600003d2a4e0, C4<>;
L_0x600003d2a620 .part L_0x600003d28280, 0, 1;
L_0x600003d2a6c0 .functor MUXZ 4, L_0x7fb492873bd8, L_0x7fb492873b90, L_0x600003d2a620, C4<>;
L_0x600003d2a760 .functor MUXZ 4, L_0x600003d2a6c0, L_0x600003d2a580, L_0x600003d2a440, C4<>;
L_0x600003d2a800 .part L_0x600003d28280, 1, 1;
L_0x600003d2a8a0 .functor MUXZ 4, L_0x7fb492873c68, L_0x7fb492873c20, L_0x600003d2a800, C4<>;
L_0x600003d2a940 .functor MUXZ 4, L_0x7fb492873cb0, L_0x600003d2a8a0, L_0x600003d28d20, C4<>;
L_0x600003d2a9e0 .functor MUXZ 4, L_0x600003d2a940, L_0x600003d2a760, L_0x600003d28be0, C4<>;
L_0x600003d2aa80 .part v0x600003e3a5b0_0, 2, 1;
L_0x600003d2ab20 .part v0x600003e3a5b0_0, 3, 1;
L_0x600003d2abc0 .part v0x600003e3a5b0_0, 2, 1;
L_0x600003d2ac60 .part v0x600003e3a5b0_0, 0, 1;
L_0x600003d2ad00 .part v0x600003e3a5b0_0, 2, 1;
L_0x600003d2ada0 .concat [ 1 1 1 1], L_0x60000272d260, L_0x60000272d260, L_0x60000272d260, L_0x60000272d260;
L_0x600003d2ae40 .part v0x600003e3a5b0_0, 2, 1;
S_0x7fb492a04c80 .scope module, "RAM" "bram" 4 29, 5 3 0, S_0x7fb492a046e0;
 .timescale 0 0;
    .port_info 0 /INPUT 1 "clk";
    .port_info 1 /INPUT 32 "mem_addr";
    .port_info 2 /OUTPUT 32 "mem_rdata";
    .port_info 3 /INPUT 1 "mem_rstrb";
    .port_info 4 /INPUT 32 "mem_wdata";
    .port_info 5 /INPUT 4 "mem_wmask";
v0x600003e3a7f0 .array "MEM", 4095 0, 31 0;
v0x600003e3a880_0 .net "clk", 0 0, v0x600003e3e0a0_0;  alias, 1 drivers
v0x600003e3a910_0 .net "mem_addr", 31 0, L_0x600003d285a0;  alias, 1 drivers
v0x600003e3a9a0_0 .var "mem_rdata", 31 0;
v0x600003e3aa30_0 .net "mem_rstrb", 0 0, L_0x60000272d650;  1 drivers
v0x600003e3aac0_0 .net "mem_wdata", 31 0, L_0x600003d29f40;  alias, 1 drivers
v0x600003e3ab50_0 .net "mem_wmask", 3 0, L_0x60000272d6c0;  1 drivers
v0x600003e3abe0_0 .net "word_addr", 29 0, L_0x600003d2af80;  1 drivers
L_0x600003d2af80 .part L_0x600003d285a0, 2, 30;
S_0x7fb492a04e80 .scope module, "mult1" "peripheral_mult" 4 62, 6 1 0, S_0x7fb492a046e0;
 .timescale 0 0;
    .port_info 0 /INPUT 1 "clk";
    .port_info 1 /INPUT 1 "reset";
    .port_info 2 /INPUT 16 "d_in";
    .port_info 3 /INPUT 1 "cs";
    .port_info 4 /INPUT 5 "addr";
    .port_info 5 /INPUT 1 "rd";
    .port_info 6 /INPUT 1 "wr";
    .port_info 7 /OUTPUT 32 "d_out";
v0x600003e3b330_0 .var "A", 15 0;
v0x600003e3b3c0_0 .var "B", 15 0;
v0x600003e3b450_0 .net "addr", 4 0, L_0x600003d2b840;  1 drivers
v0x600003e3b4e0_0 .net "clk", 0 0, v0x600003e3e0a0_0;  alias, 1 drivers
v0x600003e3b570_0 .net "cs", 0 0, L_0x600003d2b7a0;  1 drivers
v0x600003e3b600_0 .net "d_in", 15 0, L_0x600003d2b700;  1 drivers
v0x600003e3b690_0 .var "d_out", 31 0;
v0x600003e3b720_0 .net "done", 0 0, v0x600003e3aeb0_0;  1 drivers
v0x600003e3b7b0_0 .var "init", 0 0;
v0x600003e3b840_0 .net "rd", 0 0, L_0x60000272d5e0;  alias, 1 drivers
v0x600003e3b8d0_0 .net "reset", 0 0, L_0x600003d2b660;  1 drivers
v0x600003e3b960_0 .net "result", 31 0, v0x600003e3b180_0;  1 drivers
v0x600003e3b9f0_0 .var "s", 4 0;
v0x600003e3ba80_0 .net "wr", 0 0, L_0x600003d2aee0;  alias, 1 drivers
E_0x6000019044c0 .event anyedge, v0x600003e3b570_0, v0x600003e3b450_0;
S_0x7fb492a04ff0 .scope module, "mult1" "mult" 6 70, 7 1 0, S_0x7fb492a04e80;
 .timescale 0 0;
    .port_info 0 /INPUT 1 "reset";
    .port_info 1 /INPUT 1 "clk";
    .port_info 2 /INPUT 1 "init";
    .port_info 3 /OUTPUT 1 "done";
    .port_info 4 /OUTPUT 32 "result";
    .port_info 5 /INPUT 16 "op_A";
    .port_info 6 /INPUT 16 "op_B";
P_0x7fb492a05160 .param/l "ADD" 0 7 16, C4<011>;
P_0x7fb492a051a0 .param/l "CHECK" 0 7 14, C4<001>;
P_0x7fb492a051e0 .param/l "END" 0 7 17, C4<100>;
P_0x7fb492a05220 .param/l "SHIFT" 0 7 15, C4<010>;
P_0x7fb492a05260 .param/l "START" 0 7 13, C4<000>;
P_0x7fb492a052a0 .param/l "START1" 0 7 18, C4<101>;
v0x600003e3ac70_0 .var "A", 15 0;
v0x600003e3ad00_0 .var "B", 15 0;
v0x600003e3ad90_0 .net "clk", 0 0, v0x600003e3e0a0_0;  alias, 1 drivers
v0x600003e3ae20_0 .var "count", 4 0;
v0x600003e3aeb0_0 .var "done", 0 0;
v0x600003e3af40_0 .net "init", 0 0, v0x600003e3b7b0_0;  1 drivers
v0x600003e3afd0_0 .net "op_A", 15 0, v0x600003e3b330_0;  1 drivers
v0x600003e3b060_0 .net "op_B", 15 0, v0x600003e3b3c0_0;  1 drivers
v0x600003e3b0f0_0 .net "reset", 0 0, L_0x600003d2b660;  alias, 1 drivers
v0x600003e3b180_0 .var "result", 31 0;
v0x600003e3b210_0 .var "state", 2 0;
v0x600003e3b2a0_0 .var "state_name", 320 1;
E_0x6000019046c0 .event anyedge, v0x600003e3b210_0;
E_0x600001904700 .event posedge, v0x600003e3b0f0_0, v0x600003e39290_0;
S_0x7fb492a052e0 .scope module, "per_uart" "peripheral_uart" 4 48, 8 1 0, S_0x7fb492a046e0;
 .timescale 0 0;
    .port_info 0 /INPUT 1 "clk";
    .port_info 1 /INPUT 1 "rst";
    .port_info 2 /INPUT 32 "d_in";
    .port_info 3 /INPUT 1 "cs";
    .port_info 4 /INPUT 5 "addr";
    .port_info 5 /INPUT 1 "rd";
    .port_info 6 /INPUT 1 "wr";
    .port_info 7 /OUTPUT 32 "d_out";
    .port_info 8 /OUTPUT 1 "uart_tx";
    .port_info 9 /INPUT 1 "uart_rx";
    .port_info 10 /OUTPUT 1 "ledout";
P_0x60000222c200 .param/l "baud" 0 8 3, +C4<00000000000000011100001000000000>;
P_0x60000222c240 .param/l "clk_freq" 0 8 2, +C4<00000001011111010111100001000000>;
v0x600003e3c990_0 .net "addr", 4 0, L_0x600003d2b5c0;  1 drivers
v0x600003e3ca20_0 .net "clk", 0 0, v0x600003e3e0a0_0;  alias, 1 drivers
v0x600003e3cab0_0 .net "cs", 0 0, L_0x600003d2b520;  1 drivers
v0x600003e3cb40_0 .net "d_in", 31 0, L_0x600003d29f40;  alias, 1 drivers
v0x600003e3cbd0_0 .var "d_in_uart", 7 0;
v0x600003e3cc60_0 .var "d_out", 31 0;
v0x600003e3ccf0_0 .var "ledout", 0 0;
v0x600003e3cd80_0 .net "rd", 0 0, L_0x60000272d5e0;  alias, 1 drivers
v0x600003e3ce10_0 .net "rst", 0 0, L_0x600003d2b480;  1 drivers
v0x600003e3cea0_0 .net "rx_avail", 0 0, v0x600003e3c000_0;  1 drivers
v0x600003e3cf30_0 .net "rx_data", 7 0, v0x600003e3c240_0;  1 drivers
v0x600003e3cfc0_0 .net "rx_error", 0 0, v0x600003e3c2d0_0;  1 drivers
v0x600003e3d050_0 .var "s", 1 0;
v0x600003e3d0e0_0 .net "tx_busy", 0 0, v0x600003e3c480_0;  1 drivers
v0x600003e3d170_0 .var "uart_ctrl", 7 0;
v0x600003e3d200_0 .net "uart_rx", 0 0, v0x600003e3e250_0;  alias, 1 drivers
v0x600003e3d290_0 .net "uart_tx", 0 0, v0x600003e3c900_0;  alias, 1 drivers
v0x600003e3d320_0 .net "wr", 0 0, L_0x600003d2aee0;  alias, 1 drivers
E_0x600001904800 .event anyedge, v0x600003e3c990_0, v0x600003e3cab0_0;
L_0x600003d2b340 .part v0x600003e3d170_0, 1, 1;
L_0x600003d2b3e0 .part v0x600003e3d170_0, 0, 1;
S_0x7fb492a05560 .scope module, "uart0" "uart" 8 56, 9 5 0, S_0x7fb492a052e0;
 .timescale 0 0;
    .port_info 0 /INPUT 1 "reset";
    .port_info 1 /INPUT 1 "clk";
    .port_info 2 /INPUT 1 "uart_rxd";
    .port_info 3 /OUTPUT 1 "uart_txd";
    .port_info 4 /OUTPUT 8 "rx_data";
    .port_info 5 /OUTPUT 1 "rx_avail";
    .port_info 6 /OUTPUT 1 "rx_error";
    .port_info 7 /INPUT 1 "rx_ack";
    .port_info 8 /INPUT 8 "tx_data";
    .port_info 9 /INPUT 1 "tx_wr";
    .port_info 10 /OUTPUT 1 "tx_busy";
P_0x6000039300c0 .param/l "baud" 0 9 7, +C4<00000000000000011100001000000000>;
P_0x600003930100 .param/l "divisor" 1 9 24, +C4<00000000000000000000000000001101>;
P_0x600003930140 .param/l "freq_hz" 0 9 6, +C4<00000001011111010111100001000000>;
v0x600003e3bb10_0 .net *"_ivl_0", 31 0, L_0x600003d2b200;  1 drivers
L_0x7fb492873d88 .functor BUFT 1, C4<0000000000000000>, C4<0>, C4<0>, C4<0>;
v0x600003e3bba0_0 .net *"_ivl_3", 15 0, L_0x7fb492873d88;  1 drivers
L_0x7fb492873dd0 .functor BUFT 1, C4<00000000000000000000000000000000>, C4<0>, C4<0>, C4<0>;
v0x600003e3bc30_0 .net/2u *"_ivl_4", 31 0, L_0x7fb492873dd0;  1 drivers
v0x600003e3bcc0_0 .net "clk", 0 0, v0x600003e3e0a0_0;  alias, 1 drivers
v0x600003e3bd50_0 .net "enable16", 0 0, L_0x600003d2b2a0;  1 drivers
v0x600003e3bde0_0 .var "enable16_counter", 15 0;
v0x600003e3be70_0 .net "reset", 0 0, L_0x600003d2b480;  alias, 1 drivers
v0x600003e3bf00_0 .net "rx_ack", 0 0, L_0x600003d2b340;  1 drivers
v0x600003e3c000_0 .var "rx_avail", 0 0;
v0x600003e3c090_0 .var "rx_bitcount", 3 0;
v0x600003e3c120_0 .var "rx_busy", 0 0;
v0x600003e3c1b0_0 .var "rx_count16", 3 0;
v0x600003e3c240_0 .var "rx_data", 7 0;
v0x600003e3c2d0_0 .var "rx_error", 0 0;
v0x600003e3c360_0 .var "rxd_reg", 7 0;
v0x600003e3c3f0_0 .var "tx_bitcount", 3 0;
v0x600003e3c480_0 .var "tx_busy", 0 0;
v0x600003e3c510_0 .var "tx_count16", 3 0;
v0x600003e3c5a0_0 .net "tx_data", 7 0, v0x600003e3cbd0_0;  1 drivers
v0x600003e3c630_0 .net "tx_wr", 0 0, L_0x600003d2b3e0;  1 drivers
v0x600003e3c6c0_0 .var "txd_reg", 7 0;
v0x600003e3c750_0 .net "uart_rxd", 0 0, v0x600003e3e250_0;  alias, 1 drivers
v0x600003e3c7e0_0 .var "uart_rxd1", 0 0;
v0x600003e3c870_0 .var "uart_rxd2", 0 0;
v0x600003e3c900_0 .var "uart_txd", 0 0;
L_0x600003d2b200 .concat [ 16 16 0 0], v0x600003e3bde0_0, L_0x7fb492873d88;
L_0x600003d2b2a0 .cmp/eq 32, L_0x600003d2b200, L_0x7fb492873dd0;
    .scope S_0x7fb492a04290;
T_1 ;
    %vpi_call 2 405 "$readmemh", "./firmware.hex", v0x600003e30090 {0 0 0};
    %end;
    .thread T_1;
    .scope S_0x7fb492a04290;
T_2 ;
    %wait E_0x600001904000;
    %load/vec4 v0x600003e302d0_0;
    %flag_set/vec4 8;
    %jmp/0xz  T_2.0, 8;
    %ix/getv 4, v0x600003e30480_0;
    %load/vec4a v0x600003e30090, 4;
    %assign/vec4 v0x600003e30240_0, 0;
T_2.0 ;
    %load/vec4 v0x600003e303f0_0;
    %parti/s 1, 0, 2;
    %flag_set/vec4 8;
    %jmp/0xz  T_2.2, 8;
    %load/vec4 v0x600003e30360_0;
    %parti/s 8, 0, 2;
    %ix/getv 3, v0x600003e30480_0;
    %ix/load 4, 0, 0; Constant delay
    %assign/vec4/a/d v0x600003e30090, 0, 4;
T_2.2 ;
    %load/vec4 v0x600003e303f0_0;
    %parti/s 1, 1, 2;
    %flag_set/vec4 8;
    %jmp/0xz  T_2.4, 8;
    %load/vec4 v0x600003e30360_0;
    %parti/s 8, 8, 5;
    %ix/getv 3, v0x600003e30480_0;
    %ix/load 4, 8, 0; part off
    %ix/load 5, 0, 0; Constant delay
    %assign/vec4/a/d v0x600003e30090, 4, 5;
T_2.4 ;
    %load/vec4 v0x600003e303f0_0;
    %parti/s 1, 2, 3;
    %flag_set/vec4 8;
    %jmp/0xz  T_2.6, 8;
    %load/vec4 v0x600003e30360_0;
    %parti/s 8, 16, 6;
    %ix/getv 3, v0x600003e30480_0;
    %ix/load 4, 16, 0; part off
    %ix/load 5, 0, 0; Constant delay
    %assign/vec4/a/d v0x600003e30090, 4, 5;
T_2.6 ;
    %load/vec4 v0x600003e303f0_0;
    %parti/s 1, 3, 3;
    %flag_set/vec4 8;
    %jmp/0xz  T_2.8, 8;
    %load/vec4 v0x600003e30360_0;
    %parti/s 8, 24, 6;
    %ix/getv 3, v0x600003e30480_0;
    %ix/load 4, 24, 0; part off
    %ix/load 5, 0, 0; Constant delay
    %assign/vec4/a/d v0x600003e30090, 4, 5;
T_2.8 ;
    %jmp T_2;
    .thread T_2;
    .scope S_0x7fb492a04850;
T_3 ;
    %wait E_0x600001904400;
    %load/vec4 v0x600003e3a640_0;
    %flag_set/vec4 8;
    %jmp/0xz  T_3.0, 8;
    %load/vec4 v0x600003e3a2e0_0;
    %pad/u 32;
    %cmpi/ne 0, 0, 32;
    %jmp/0xz  T_3.2, 4;
    %load/vec4 v0x600003e3a6d0_0;
    %load/vec4 v0x600003e3a2e0_0;
    %pad/u 7;
    %ix/vec4 3;
    %ix/load 4, 0, 0; Constant delay
    %assign/vec4/a/d v0x600003e3a370, 0, 4;
T_3.2 ;
T_3.0 ;
    %jmp T_3;
    .thread T_3;
    .scope S_0x7fb492a04850;
T_4 ;
    %wait E_0x600001904400;
    %load/vec4 v0x600003e39200_0;
    %flag_set/vec4 8;
    %jmp/0xz  T_4.0, 8;
    %load/vec4 v0x600003e39440_0;
    %flag_set/vec4 8;
    %jmp/0xz  T_4.2, 8;
    %load/vec4 v0x600003e38e10_0;
    %assign/vec4 v0x600003e390e0_0, 0;
    %load/vec4 v0x600003e38ea0_0;
    %parti/s 5, 0, 2;
    %assign/vec4 v0x600003e39170_0, 0;
T_4.2 ;
T_4.0 ;
    %load/vec4 v0x600003e39170_0;
    %or/r;
    %flag_set/vec4 8;
    %jmp/0xz  T_4.4, 8;
    %load/vec4 v0x600003e39170_0;
    %subi 1, 0, 5;
    %assign/vec4 v0x600003e39170_0, 0;
    %load/vec4 v0x600003e393b0_0;
    %parti/s 1, 1, 2;
    %flag_set/vec4 8;
    %jmp/0 T_4.6, 8;
    %load/vec4 v0x600003e390e0_0;
    %ix/load 4, 1, 0;
    %flag_set/imm 4, 0;
    %shiftl 4;
    %jmp/1 T_4.7, 8;
T_4.6 ; End of true expr.
    %load/vec4 v0x600003e394d0_0;
    %parti/s 1, 28, 6;
    %load/vec4 v0x600003e390e0_0;
    %parti/s 1, 31, 6;
    %and;
    %load/vec4 v0x600003e390e0_0;
    %parti/s 31, 1, 2;
    %concat/vec4; draw_concat_vec4
    %jmp/0 T_4.7, 8;
 ; End of false expr.
    %blend;
T_4.7;
    %assign/vec4 v0x600003e390e0_0, 0;
T_4.4 ;
    %jmp T_4;
    .thread T_4;
    .scope S_0x7fb492a04850;
T_5 ;
    %wait E_0x600001904400;
    %load/vec4 v0x600003e3a400_0;
    %nor/r;
    %flag_set/vec4 8;
    %jmp/0xz  T_5.0, 8;
    %pushi/vec4 8, 0, 4;
    %assign/vec4 v0x600003e3a5b0_0, 0;
    %pushi/vec4 0, 0, 24;
    %assign/vec4 v0x600003e30bd0_0, 0;
    %jmp T_5.1;
T_5.0 ;
    %pushi/vec4 1, 0, 1;
    %dup/vec4;
    %load/vec4 v0x600003e3a5b0_0;
    %parti/s 1, 1, 2;
    %cmp/u;
    %jmp/1 T_5.2, 6;
    %dup/vec4;
    %load/vec4 v0x600003e3a5b0_0;
    %parti/s 1, 2, 3;
    %cmp/u;
    %jmp/1 T_5.3, 6;
    %dup/vec4;
    %load/vec4 v0x600003e3a5b0_0;
    %parti/s 1, 3, 3;
    %cmp/u;
    %jmp/1 T_5.4, 6;
    %pushi/vec4 2, 0, 4;
    %assign/vec4 v0x600003e3a5b0_0, 0;
    %jmp T_5.6;
T_5.2 ;
    %load/vec4 v0x600003e39e60_0;
    %nor/r;
    %flag_set/vec4 8;
    %jmp/0xz  T_5.7, 8;
    %load/vec4 v0x600003e39ef0_0;
    %parti/s 5, 15, 5;
    %pad/u 7;
    %ix/vec4 4;
    %load/vec4a v0x600003e3a370, 4;
    %assign/vec4 v0x600003e3a490_0, 0;
    %load/vec4 v0x600003e39ef0_0;
    %parti/s 5, 20, 6;
    %pad/u 7;
    %ix/vec4 4;
    %load/vec4a v0x600003e3a370, 4;
    %assign/vec4 v0x600003e3a520_0, 0;
    %load/vec4 v0x600003e39ef0_0;
    %parti/s 30, 2, 3;
    %assign/vec4 v0x600003e394d0_0, 0;
    %pushi/vec4 4, 0, 4;
    %assign/vec4 v0x600003e3a5b0_0, 0;
T_5.7 ;
    %jmp T_5.6;
T_5.3 ;
    %load/vec4 v0x600003e398c0_0;
    %flag_set/vec4 8;
    %jmp/0 T_5.9, 8;
    %load/vec4 v0x600003e39050_0;
    %parti/s 23, 1, 2;
    %concati/vec4 0, 0, 1;
    %jmp/1 T_5.10, 8;
T_5.9 ; End of true expr.
    %load/vec4 v0x600003e39b90_0;
    %flag_set/vec4 9;
    %jmp/0 T_5.11, 9;
    %load/vec4 v0x600003e30cf0_0;
    %jmp/1 T_5.12, 9;
T_5.11 ; End of true expr.
    %load/vec4 v0x600003e30c60_0;
    %jmp/0 T_5.12, 9;
 ; End of false expr.
    %blend;
T_5.12;
    %jmp/0 T_5.10, 8;
 ; End of false expr.
    %blend;
T_5.10;
    %assign/vec4 v0x600003e30bd0_0, 0;
    %load/vec4 v0x600003e3a1c0_0;
    %flag_set/vec4 8;
    %jmp/0 T_5.13, 8;
    %pushi/vec4 8, 0, 35;
    %jmp/1 T_5.14, 8;
T_5.13 ; End of true expr.
    %pushi/vec4 1, 0, 35;
    %jmp/0 T_5.14, 8;
 ; End of false expr.
    %blend;
T_5.14;
    %pad/s 4;
    %assign/vec4 v0x600003e3a5b0_0, 0;
    %jmp T_5.6;
T_5.4 ;
    %load/vec4 v0x600003e38d80_0;
    %nor/r;
    %load/vec4 v0x600003e39e60_0;
    %nor/r;
    %and;
    %load/vec4 v0x600003e3a010_0;
    %nor/r;
    %and;
    %flag_set/vec4 8;
    %jmp/0xz  T_5.15, 8;
    %pushi/vec4 1, 0, 4;
    %assign/vec4 v0x600003e3a5b0_0, 0;
T_5.15 ;
    %jmp T_5.6;
T_5.6 ;
    %pop/vec4 1;
T_5.1 ;
    %jmp T_5;
    .thread T_5;
    .scope S_0x7fb492a04850;
T_6 ;
    %wait E_0x600001904400;
    %load/vec4 v0x600003e39320_0;
    %addi 1, 0, 32;
    %assign/vec4 v0x600003e39320_0, 0;
    %jmp T_6;
    .thread T_6;
    .scope S_0x7fb492a04850;
T_7 ;
    %pushi/vec4 0, 0, 32;
    %store/vec4 v0x600003e39320_0, 0, 32;
    %pushi/vec4 0, 0, 5;
    %store/vec4 v0x600003e39170_0, 0, 5;
    %pushi/vec4 0, 0, 32;
    %ix/load 4, 0, 0;
    %flag_set/imm 4, 0;
    %store/vec4a v0x600003e3a370, 4, 0;
    %end;
    .thread T_7;
    .scope S_0x7fb492a04c80;
T_8 ;
    %vpi_call 5 15 "$readmemh", "./firmware.hex", v0x600003e3a7f0 {0 0 0};
    %end;
    .thread T_8;
    .scope S_0x7fb492a04c80;
T_9 ;
    %wait E_0x600001904400;
    %load/vec4 v0x600003e3aa30_0;
    %flag_set/vec4 8;
    %jmp/0xz  T_9.0, 8;
    %ix/getv 4, v0x600003e3abe0_0;
    %load/vec4a v0x600003e3a7f0, 4;
    %assign/vec4 v0x600003e3a9a0_0, 0;
T_9.0 ;
    %load/vec4 v0x600003e3ab50_0;
    %parti/s 1, 0, 2;
    %flag_set/vec4 8;
    %jmp/0xz  T_9.2, 8;
    %load/vec4 v0x600003e3aac0_0;
    %parti/s 8, 0, 2;
    %ix/getv 3, v0x600003e3abe0_0;
    %ix/load 4, 0, 0; Constant delay
    %assign/vec4/a/d v0x600003e3a7f0, 0, 4;
T_9.2 ;
    %load/vec4 v0x600003e3ab50_0;
    %parti/s 1, 1, 2;
    %flag_set/vec4 8;
    %jmp/0xz  T_9.4, 8;
    %load/vec4 v0x600003e3aac0_0;
    %parti/s 8, 8, 5;
    %ix/getv 3, v0x600003e3abe0_0;
    %ix/load 4, 8, 0; part off
    %ix/load 5, 0, 0; Constant delay
    %assign/vec4/a/d v0x600003e3a7f0, 4, 5;
T_9.4 ;
    %load/vec4 v0x600003e3ab50_0;
    %parti/s 1, 2, 3;
    %flag_set/vec4 8;
    %jmp/0xz  T_9.6, 8;
    %load/vec4 v0x600003e3aac0_0;
    %parti/s 8, 16, 6;
    %ix/getv 3, v0x600003e3abe0_0;
    %ix/load 4, 16, 0; part off
    %ix/load 5, 0, 0; Constant delay
    %assign/vec4/a/d v0x600003e3a7f0, 4, 5;
T_9.6 ;
    %load/vec4 v0x600003e3ab50_0;
    %parti/s 1, 3, 3;
    %flag_set/vec4 8;
    %jmp/0xz  T_9.8, 8;
    %load/vec4 v0x600003e3aac0_0;
    %parti/s 8, 24, 6;
    %ix/getv 3, v0x600003e3abe0_0;
    %ix/load 4, 24, 0; part off
    %ix/load 5, 0, 0; Constant delay
    %assign/vec4/a/d v0x600003e3a7f0, 4, 5;
T_9.8 ;
    %jmp T_9;
    .thread T_9;
    .scope S_0x7fb492a05560;
T_10 ;
    %wait E_0x600001904400;
    %load/vec4 v0x600003e3be70_0;
    %flag_set/vec4 8;
    %jmp/0xz  T_10.0, 8;
    %pushi/vec4 12, 0, 16;
    %assign/vec4 v0x600003e3bde0_0, 0;
    %jmp T_10.1;
T_10.0 ;
    %load/vec4 v0x600003e3bde0_0;
    %subi 1, 0, 16;
    %assign/vec4 v0x600003e3bde0_0, 0;
    %load/vec4 v0x600003e3bde0_0;
    %pad/u 32;
    %cmpi/e 0, 0, 32;
    %jmp/0xz  T_10.2, 4;
    %pushi/vec4 12, 0, 16;
    %assign/vec4 v0x600003e3bde0_0, 0;
T_10.2 ;
T_10.1 ;
    %jmp T_10;
    .thread T_10;
    .scope S_0x7fb492a05560;
T_11 ;
    %wait E_0x600001904400;
    %load/vec4 v0x600003e3c750_0;
    %assign/vec4 v0x600003e3c7e0_0, 0;
    %load/vec4 v0x600003e3c7e0_0;
    %assign/vec4 v0x600003e3c870_0, 0;
    %jmp T_11;
    .thread T_11;
    .scope S_0x7fb492a05560;
T_12 ;
    %wait E_0x600001904400;
    %load/vec4 v0x600003e3be70_0;
    %flag_set/vec4 8;
    %jmp/0xz  T_12.0, 8;
    %pushi/vec4 0, 0, 1;
    %assign/vec4 v0x600003e3c120_0, 0;
    %pushi/vec4 0, 0, 4;
    %assign/vec4 v0x600003e3c1b0_0, 0;
    %pushi/vec4 0, 0, 4;
    %assign/vec4 v0x600003e3c090_0, 0;
    %pushi/vec4 0, 0, 1;
    %assign/vec4 v0x600003e3c000_0, 0;
    %pushi/vec4 0, 0, 1;
    %assign/vec4 v0x600003e3c2d0_0, 0;
    %jmp T_12.1;
T_12.0 ;
    %load/vec4 v0x600003e3bf00_0;
    %flag_set/vec4 8;
    %jmp/0xz  T_12.2, 8;
    %pushi/vec4 0, 0, 1;
    %assign/vec4 v0x600003e3c000_0, 0;
    %pushi/vec4 0, 0, 1;
    %assign/vec4 v0x600003e3c2d0_0, 0;
T_12.2 ;
    %load/vec4 v0x600003e3bd50_0;
    %flag_set/vec4 8;
    %jmp/0xz  T_12.4, 8;
    %load/vec4 v0x600003e3c120_0;
    %nor/r;
    %flag_set/vec4 8;
    %jmp/0xz  T_12.6, 8;
    %load/vec4 v0x600003e3c870_0;
    %nor/r;
    %flag_set/vec4 8;
    %jmp/0xz  T_12.8, 8;
    %pushi/vec4 1, 0, 1;
    %assign/vec4 v0x600003e3c120_0, 0;
    %pushi/vec4 7, 0, 4;
    %assign/vec4 v0x600003e3c1b0_0, 0;
    %pushi/vec4 0, 0, 4;
    %assign/vec4 v0x600003e3c090_0, 0;
T_12.8 ;
    %jmp T_12.7;
T_12.6 ;
    %load/vec4 v0x600003e3c1b0_0;
    %addi 1, 0, 4;
    %assign/vec4 v0x600003e3c1b0_0, 0;
    %load/vec4 v0x600003e3c1b0_0;
    %pad/u 32;
    %cmpi/e 0, 0, 32;
    %jmp/0xz  T_12.10, 4;
    %load/vec4 v0x600003e3c090_0;
    %addi 1, 0, 4;
    %assign/vec4 v0x600003e3c090_0, 0;
    %load/vec4 v0x600003e3c090_0;
    %pad/u 32;
    %cmpi/e 0, 0, 32;
    %jmp/0xz  T_12.12, 4;
    %load/vec4 v0x600003e3c870_0;
    %flag_set/vec4 8;
    %jmp/0xz  T_12.14, 8;
    %pushi/vec4 0, 0, 1;
    %assign/vec4 v0x600003e3c120_0, 0;
T_12.14 ;
    %jmp T_12.13;
T_12.12 ;
    %load/vec4 v0x600003e3c090_0;
    %pad/u 32;
    %cmpi/e 9, 0, 32;
    %jmp/0xz  T_12.16, 4;
    %pushi/vec4 0, 0, 1;
    %assign/vec4 v0x600003e3c120_0, 0;
    %load/vec4 v0x600003e3c870_0;
    %flag_set/vec4 8;
    %jmp/0xz  T_12.18, 8;
    %load/vec4 v0x600003e3c360_0;
    %assign/vec4 v0x600003e3c240_0, 0;
    %pushi/vec4 1, 0, 1;
    %assign/vec4 v0x600003e3c000_0, 0;
    %pushi/vec4 0, 0, 1;
    %assign/vec4 v0x600003e3c2d0_0, 0;
    %jmp T_12.19;
T_12.18 ;
    %pushi/vec4 1, 0, 1;
    %assign/vec4 v0x600003e3c2d0_0, 0;
T_12.19 ;
    %jmp T_12.17;
T_12.16 ;
    %load/vec4 v0x600003e3c870_0;
    %load/vec4 v0x600003e3c360_0;
    %parti/s 7, 1, 2;
    %concat/vec4; draw_concat_vec4
    %assign/vec4 v0x600003e3c360_0, 0;
T_12.17 ;
T_12.13 ;
T_12.10 ;
T_12.7 ;
T_12.4 ;
T_12.1 ;
    %jmp T_12;
    .thread T_12;
    .scope S_0x7fb492a05560;
T_13 ;
    %wait E_0x600001904400;
    %load/vec4 v0x600003e3be70_0;
    %flag_set/vec4 8;
    %jmp/0xz  T_13.0, 8;
    %pushi/vec4 0, 0, 1;
    %assign/vec4 v0x600003e3c480_0, 0;
    %pushi/vec4 1, 0, 1;
    %assign/vec4 v0x600003e3c900_0, 0;
    %pushi/vec4 0, 0, 4;
    %assign/vec4 v0x600003e3c510_0, 0;
    %jmp T_13.1;
T_13.0 ;
    %load/vec4 v0x600003e3c630_0;
    %flag_set/vec4 9;
    %flag_get/vec4 9;
    %jmp/0 T_13.4, 9;
    %load/vec4 v0x600003e3c480_0;
    %nor/r;
    %and;
T_13.4;
    %flag_set/vec4 8;
    %jmp/0xz  T_13.2, 8;
    %load/vec4 v0x600003e3c5a0_0;
    %assign/vec4 v0x600003e3c6c0_0, 0;
    %pushi/vec4 0, 0, 4;
    %assign/vec4 v0x600003e3c3f0_0, 0;
    %pushi/vec4 0, 0, 4;
    %assign/vec4 v0x600003e3c510_0, 0;
    %pushi/vec4 1, 0, 1;
    %assign/vec4 v0x600003e3c480_0, 0;
T_13.2 ;
    %load/vec4 v0x600003e3bd50_0;
    %flag_set/vec4 8;
    %jmp/0xz  T_13.5, 8;
    %load/vec4 v0x600003e3c510_0;
    %addi 1, 0, 4;
    %assign/vec4 v0x600003e3c510_0, 0;
    %load/vec4 v0x600003e3c510_0;
    %pad/u 32;
    %cmpi/e 0, 0, 32;
    %flag_get/vec4 4;
    %jmp/0 T_13.9, 4;
    %load/vec4 v0x600003e3c480_0;
    %and;
T_13.9;
    %flag_set/vec4 8;
    %jmp/0xz  T_13.7, 8;
    %load/vec4 v0x600003e3c3f0_0;
    %addi 1, 0, 4;
    %assign/vec4 v0x600003e3c3f0_0, 0;
    %load/vec4 v0x600003e3c3f0_0;
    %pad/u 32;
    %cmpi/e 0, 0, 32;
    %jmp/0xz  T_13.10, 4;
    %pushi/vec4 0, 0, 1;
    %assign/vec4 v0x600003e3c900_0, 0;
    %jmp T_13.11;
T_13.10 ;
    %load/vec4 v0x600003e3c3f0_0;
    %pad/u 32;
    %cmpi/e 9, 0, 32;
    %jmp/0xz  T_13.12, 4;
    %pushi/vec4 1, 0, 1;
    %assign/vec4 v0x600003e3c900_0, 0;
    %jmp T_13.13;
T_13.12 ;
    %load/vec4 v0x600003e3c3f0_0;
    %pad/u 32;
    %cmpi/e 10, 0, 32;
    %jmp/0xz  T_13.14, 4;
    %pushi/vec4 0, 0, 4;
    %assign/vec4 v0x600003e3c3f0_0, 0;
    %pushi/vec4 0, 0, 1;
    %assign/vec4 v0x600003e3c480_0, 0;
    %jmp T_13.15;
T_13.14 ;
    %load/vec4 v0x600003e3c6c0_0;
    %parti/s 1, 0, 2;
    %assign/vec4 v0x600003e3c900_0, 0;
    %pushi/vec4 0, 0, 1;
    %load/vec4 v0x600003e3c6c0_0;
    %parti/s 7, 1, 2;
    %concat/vec4; draw_concat_vec4
    %assign/vec4 v0x600003e3c6c0_0, 0;
T_13.15 ;
T_13.13 ;
T_13.11 ;
T_13.7 ;
T_13.5 ;
T_13.1 ;
    %jmp T_13;
    .thread T_13;
    .scope S_0x7fb492a052e0;
T_14 ;
    %pushi/vec4 0, 0, 1;
    %store/vec4 v0x600003e3ccf0_0, 0, 1;
    %pushi/vec4 0, 0, 8;
    %store/vec4 v0x600003e3cbd0_0, 0, 8;
    %pushi/vec4 0, 0, 8;
    %store/vec4 v0x600003e3d170_0, 0, 8;
    %end;
    .thread T_14;
    .scope S_0x7fb492a052e0;
T_15 ;
    %wait E_0x600001904800;
    %load/vec4 v0x600003e3c990_0;
    %dup/vec4;
    %pushi/vec4 8, 0, 5;
    %cmp/u;
    %jmp/1 T_15.0, 6;
    %dup/vec4;
    %pushi/vec4 16, 0, 5;
    %cmp/u;
    %jmp/1 T_15.1, 6;
    %pushi/vec4 0, 0, 2;
    %store/vec4 v0x600003e3d050_0, 0, 2;
    %jmp T_15.3;
T_15.0 ;
    %load/vec4 v0x600003e3cab0_0;
    %flag_set/vec4 8;
    %jmp/0 T_15.4, 8;
    %pushi/vec4 1, 0, 2;
    %jmp/1 T_15.5, 8;
T_15.4 ; End of true expr.
    %pushi/vec4 0, 0, 2;
    %jmp/0 T_15.5, 8;
 ; End of false expr.
    %blend;
T_15.5;
    %store/vec4 v0x600003e3d050_0, 0, 2;
    %jmp T_15.3;
T_15.1 ;
    %load/vec4 v0x600003e3cab0_0;
    %flag_set/vec4 8;
    %jmp/0 T_15.6, 8;
    %pushi/vec4 2, 0, 2;
    %jmp/1 T_15.7, 8;
T_15.6 ; End of true expr.
    %pushi/vec4 0, 0, 2;
    %jmp/0 T_15.7, 8;
 ; End of false expr.
    %blend;
T_15.7;
    %store/vec4 v0x600003e3d050_0, 0, 2;
    %jmp T_15.3;
T_15.3 ;
    %pop/vec4 1;
    %jmp T_15;
    .thread T_15, $push;
    .scope S_0x7fb492a052e0;
T_16 ;
    %wait E_0x600001904400;
    %load/vec4 v0x600003e3d050_0;
    %parti/s 1, 0, 2;
    %load/vec4 v0x600003e3d320_0;
    %and;
    %flag_set/vec4 8;
    %jmp/0 T_16.0, 8;
    %load/vec4 v0x600003e3cb40_0;
    %parti/s 8, 0, 2;
    %jmp/1 T_16.1, 8;
T_16.0 ; End of true expr.
    %load/vec4 v0x600003e3cbd0_0;
    %jmp/0 T_16.1, 8;
 ; End of false expr.
    %blend;
T_16.1;
    %store/vec4 v0x600003e3cbd0_0, 0, 8;
    %load/vec4 v0x600003e3d050_0;
    %parti/s 1, 1, 2;
    %load/vec4 v0x600003e3d320_0;
    %and;
    %flag_set/vec4 8;
    %jmp/0 T_16.2, 8;
    %load/vec4 v0x600003e3cb40_0;
    %parti/s 8, 0, 2;
    %jmp/1 T_16.3, 8;
T_16.2 ; End of true expr.
    %load/vec4 v0x600003e3d170_0;
    %jmp/0 T_16.3, 8;
 ; End of false expr.
    %blend;
T_16.3;
    %store/vec4 v0x600003e3d170_0, 0, 8;
    %load/vec4 v0x600003e3d170_0;
    %parti/s 1, 2, 3;
    %store/vec4 v0x600003e3ccf0_0, 0, 1;
    %jmp T_16;
    .thread T_16;
    .scope S_0x7fb492a052e0;
T_17 ;
    %wait E_0x600001904400;
    %load/vec4 v0x600003e3d050_0;
    %dup/vec4;
    %pushi/vec4 1, 0, 2;
    %cmp/u;
    %jmp/1 T_17.0, 6;
    %dup/vec4;
    %pushi/vec4 2, 0, 2;
    %cmp/u;
    %jmp/1 T_17.1, 6;
    %pushi/vec4 0, 0, 32;
    %store/vec4 v0x600003e3cc60_0, 0, 32;
    %jmp T_17.3;
T_17.0 ;
    %pushi/vec4 0, 0, 24;
    %load/vec4 v0x600003e3cf30_0;
    %concat/vec4; draw_concat_vec4
    %store/vec4 v0x600003e3cc60_0, 0, 32;
    %jmp T_17.3;
T_17.1 ;
    %pushi/vec4 0, 0, 22;
    %load/vec4 v0x600003e3d0e0_0;
    %concat/vec4; draw_concat_vec4
    %load/vec4 v0x600003e3cea0_0;
    %concat/vec4; draw_concat_vec4
    %load/vec4 v0x600003e3cfc0_0;
    %concat/vec4; draw_concat_vec4
    %concati/vec4 0, 0, 7;
    %store/vec4 v0x600003e3cc60_0, 0, 32;
    %jmp T_17.3;
T_17.3 ;
    %pop/vec4 1;
    %jmp T_17;
    .thread T_17;
    .scope S_0x7fb492a04ff0;
T_18 ;
    %pushi/vec4 0, 0, 32;
    %store/vec4 v0x600003e3b180_0, 0, 32;
    %pushi/vec4 0, 0, 1;
    %store/vec4 v0x600003e3aeb0_0, 0, 1;
    %end;
    .thread T_18;
    .scope S_0x7fb492a04ff0;
T_19 ;
    %wait E_0x600001904700;
    %load/vec4 v0x600003e3b0f0_0;
    %flag_set/vec4 8;
    %jmp/0xz  T_19.0, 8;
    %pushi/vec4 0, 0, 1;
    %assign/vec4 v0x600003e3aeb0_0, 0;
    %pushi/vec4 0, 0, 32;
    %assign/vec4 v0x600003e3b180_0, 0;
    %pushi/vec4 0, 0, 3;
    %store/vec4 v0x600003e3b210_0, 0, 3;
    %jmp T_19.1;
T_19.0 ;
    %load/vec4 v0x600003e3b210_0;
    %dup/vec4;
    %pushi/vec4 0, 0, 3;
    %cmp/u;
    %jmp/1 T_19.2, 6;
    %dup/vec4;
    %pushi/vec4 5, 0, 3;
    %cmp/u;
    %jmp/1 T_19.3, 6;
    %dup/vec4;
    %pushi/vec4 1, 0, 3;
    %cmp/u;
    %jmp/1 T_19.4, 6;
    %dup/vec4;
    %pushi/vec4 2, 0, 3;
    %cmp/u;
    %jmp/1 T_19.5, 6;
    %dup/vec4;
    %pushi/vec4 3, 0, 3;
    %cmp/u;
    %jmp/1 T_19.6, 6;
    %dup/vec4;
    %pushi/vec4 4, 0, 3;
    %cmp/u;
    %jmp/1 T_19.7, 6;
    %pushi/vec4 0, 0, 3;
    %store/vec4 v0x600003e3b210_0, 0, 3;
    %jmp T_19.9;
T_19.2 ;
    %pushi/vec4 0, 0, 5;
    %store/vec4 v0x600003e3ae20_0, 0, 5;
    %pushi/vec4 0, 0, 1;
    %assign/vec4 v0x600003e3aeb0_0, 0;
    %pushi/vec4 0, 0, 32;
    %store/vec4 v0x600003e3b180_0, 0, 32;
    %load/vec4 v0x600003e3af40_0;
    %flag_set/vec4 8;
    %jmp/0xz  T_19.10, 8;
    %pushi/vec4 5, 0, 3;
    %store/vec4 v0x600003e3b210_0, 0, 3;
    %jmp T_19.11;
T_19.10 ;
    %pushi/vec4 0, 0, 3;
    %store/vec4 v0x600003e3b210_0, 0, 3;
T_19.11 ;
    %jmp T_19.9;
T_19.3 ;
    %load/vec4 v0x600003e3afd0_0;
    %assign/vec4 v0x600003e3ac70_0, 0;
    %load/vec4 v0x600003e3b060_0;
    %assign/vec4 v0x600003e3ad00_0, 0;
    %pushi/vec4 0, 0, 1;
    %assign/vec4 v0x600003e3aeb0_0, 0;
    %pushi/vec4 0, 0, 32;
    %store/vec4 v0x600003e3b180_0, 0, 32;
    %pushi/vec4 1, 0, 3;
    %store/vec4 v0x600003e3b210_0, 0, 3;
    %jmp T_19.9;
T_19.4 ;
    %load/vec4 v0x600003e3ad00_0;
    %parti/s 1, 0, 2;
    %flag_set/vec4 8;
    %jmp/0xz  T_19.12, 8;
    %pushi/vec4 3, 0, 3;
    %store/vec4 v0x600003e3b210_0, 0, 3;
    %jmp T_19.13;
T_19.12 ;
    %pushi/vec4 2, 0, 3;
    %store/vec4 v0x600003e3b210_0, 0, 3;
T_19.13 ;
    %jmp T_19.9;
T_19.5 ;
    %load/vec4 v0x600003e3ad00_0;
    %ix/load 4, 1, 0;
    %flag_set/imm 4, 0;
    %shiftr 4;
    %store/vec4 v0x600003e3ad00_0, 0, 16;
    %load/vec4 v0x600003e3ac70_0;
    %ix/load 4, 1, 0;
    %flag_set/imm 4, 0;
    %shiftl 4;
    %store/vec4 v0x600003e3ac70_0, 0, 16;
    %pushi/vec4 0, 0, 1;
    %store/vec4 v0x600003e3aeb0_0, 0, 1;
    %load/vec4 v0x600003e3ad00_0;
    %pad/u 32;
    %cmpi/e 0, 0, 32;
    %jmp/0xz  T_19.14, 4;
    %pushi/vec4 4, 0, 3;
    %store/vec4 v0x600003e3b210_0, 0, 3;
    %jmp T_19.15;
T_19.14 ;
    %pushi/vec4 1, 0, 3;
    %store/vec4 v0x600003e3b210_0, 0, 3;
T_19.15 ;
    %jmp T_19.9;
T_19.6 ;
    %load/vec4 v0x600003e3b180_0;
    %load/vec4 v0x600003e3ac70_0;
    %pad/u 32;
    %add;
    %assign/vec4 v0x600003e3b180_0, 0;
    %pushi/vec4 0, 0, 1;
    %store/vec4 v0x600003e3aeb0_0, 0, 1;
    %pushi/vec4 2, 0, 3;
    %store/vec4 v0x600003e3b210_0, 0, 3;
    %jmp T_19.9;
T_19.7 ;
    %pushi/vec4 1, 0, 1;
    %store/vec4 v0x600003e3aeb0_0, 0, 1;
    %load/vec4 v0x600003e3ae20_0;
    %addi 1, 0, 5;
    %store/vec4 v0x600003e3ae20_0, 0, 5;
    %load/vec4 v0x600003e3ae20_0;
    %pad/u 32;
    %cmpi/u 29, 0, 32;
    %flag_or 5, 4; GT is !LE
    %flag_inv 5;
    %flag_mov 8, 5;
    %jmp/0 T_19.16, 8;
    %pushi/vec4 0, 0, 3;
    %jmp/1 T_19.17, 8;
T_19.16 ; End of true expr.
    %pushi/vec4 4, 0, 3;
    %jmp/0 T_19.17, 8;
 ; End of false expr.
    %blend;
T_19.17;
    %store/vec4 v0x600003e3b210_0, 0, 3;
    %jmp T_19.9;
T_19.9 ;
    %pop/vec4 1;
T_19.1 ;
    %jmp T_19;
    .thread T_19;
    .scope S_0x7fb492a04ff0;
T_20 ;
    %wait E_0x6000019046c0;
    %load/vec4 v0x600003e3b210_0;
    %dup/vec4;
    %pushi/vec4 0, 0, 3;
    %cmp/u;
    %jmp/1 T_20.0, 6;
    %dup/vec4;
    %pushi/vec4 5, 0, 3;
    %cmp/u;
    %jmp/1 T_20.1, 6;
    %dup/vec4;
    %pushi/vec4 1, 0, 3;
    %cmp/u;
    %jmp/1 T_20.2, 6;
    %dup/vec4;
    %pushi/vec4 2, 0, 3;
    %cmp/u;
    %jmp/1 T_20.3, 6;
    %dup/vec4;
    %pushi/vec4 3, 0, 3;
    %cmp/u;
    %jmp/1 T_20.4, 6;
    %dup/vec4;
    %pushi/vec4 4, 0, 3;
    %cmp/u;
    %jmp/1 T_20.5, 6;
    %jmp T_20.6;
T_20.0 ;
    %pushi/vec4 0, 0, 32; draw_string_vec4
    %pushi/vec4 0, 0, 32; draw_string_vec4
    %concat/vec4; draw_string_vec4
    %pushi/vec4 0, 0, 32; draw_string_vec4
    %concat/vec4; draw_string_vec4
    %pushi/vec4 0, 0, 32; draw_string_vec4
    %concat/vec4; draw_string_vec4
    %pushi/vec4 0, 0, 32; draw_string_vec4
    %concat/vec4; draw_string_vec4
    %pushi/vec4 0, 0, 32; draw_string_vec4
    %concat/vec4; draw_string_vec4
    %pushi/vec4 0, 0, 32; draw_string_vec4
    %concat/vec4; draw_string_vec4
    %pushi/vec4 0, 0, 32; draw_string_vec4
    %concat/vec4; draw_string_vec4
    %pushi/vec4 83, 0, 32; draw_string_vec4
    %concat/vec4; draw_string_vec4
    %pushi/vec4 1413567060, 0, 32; draw_string_vec4
    %concat/vec4; draw_string_vec4
    %store/vec4 v0x600003e3b2a0_0, 0, 320;
    %jmp T_20.6;
T_20.1 ;
    %pushi/vec4 0, 0, 32; draw_string_vec4
    %pushi/vec4 0, 0, 32; draw_string_vec4
    %concat/vec4; draw_string_vec4
    %pushi/vec4 0, 0, 32; draw_string_vec4
    %concat/vec4; draw_string_vec4
    %pushi/vec4 0, 0, 32; draw_string_vec4
    %concat/vec4; draw_string_vec4
    %pushi/vec4 0, 0, 32; draw_string_vec4
    %concat/vec4; draw_string_vec4
    %pushi/vec4 0, 0, 32; draw_string_vec4
    %concat/vec4; draw_string_vec4
    %pushi/vec4 0, 0, 32; draw_string_vec4
    %concat/vec4; draw_string_vec4
    %pushi/vec4 0, 0, 32; draw_string_vec4
    %concat/vec4; draw_string_vec4
    %pushi/vec4 21332, 0, 32; draw_string_vec4
    %concat/vec4; draw_string_vec4
    %pushi/vec4 1095914545, 0, 32; draw_string_vec4
    %concat/vec4; draw_string_vec4
    %store/vec4 v0x600003e3b2a0_0, 0, 320;
    %jmp T_20.6;
T_20.2 ;
    %pushi/vec4 0, 0, 32; draw_string_vec4
    %pushi/vec4 0, 0, 32; draw_string_vec4
    %concat/vec4; draw_string_vec4
    %pushi/vec4 0, 0, 32; draw_string_vec4
    %concat/vec4; draw_string_vec4
    %pushi/vec4 0, 0, 32; draw_string_vec4
    %concat/vec4; draw_string_vec4
    %pushi/vec4 0, 0, 32; draw_string_vec4
    %concat/vec4; draw_string_vec4
    %pushi/vec4 0, 0, 32; draw_string_vec4
    %concat/vec4; draw_string_vec4
    %pushi/vec4 0, 0, 32; draw_string_vec4
    %concat/vec4; draw_string_vec4
    %pushi/vec4 0, 0, 32; draw_string_vec4
    %concat/vec4; draw_string_vec4
    %pushi/vec4 67, 0, 32; draw_string_vec4
    %concat/vec4; draw_string_vec4
    %pushi/vec4 1212498763, 0, 32; draw_string_vec4
    %concat/vec4; draw_string_vec4
    %store/vec4 v0x600003e3b2a0_0, 0, 320;
    %jmp T_20.6;
T_20.3 ;
    %pushi/vec4 0, 0, 32; draw_string_vec4
    %pushi/vec4 0, 0, 32; draw_string_vec4
    %concat/vec4; draw_string_vec4
    %pushi/vec4 0, 0, 32; draw_string_vec4
    %concat/vec4; draw_string_vec4
    %pushi/vec4 0, 0, 32; draw_string_vec4
    %concat/vec4; draw_string_vec4
    %pushi/vec4 0, 0, 32; draw_string_vec4
    %concat/vec4; draw_string_vec4
    %pushi/vec4 0, 0, 32; draw_string_vec4
    %concat/vec4; draw_string_vec4
    %pushi/vec4 0, 0, 32; draw_string_vec4
    %concat/vec4; draw_string_vec4
    %pushi/vec4 0, 0, 32; draw_string_vec4
    %concat/vec4; draw_string_vec4
    %pushi/vec4 83, 0, 32; draw_string_vec4
    %concat/vec4; draw_string_vec4
    %pushi/vec4 1212761684, 0, 32; draw_string_vec4
    %concat/vec4; draw_string_vec4
    %store/vec4 v0x600003e3b2a0_0, 0, 320;
    %jmp T_20.6;
T_20.4 ;
    %pushi/vec4 0, 0, 32; draw_string_vec4
    %pushi/vec4 0, 0, 32; draw_string_vec4
    %concat/vec4; draw_string_vec4
    %pushi/vec4 0, 0, 32; draw_string_vec4
    %concat/vec4; draw_string_vec4
    %pushi/vec4 0, 0, 32; draw_string_vec4
    %concat/vec4; draw_string_vec4
    %pushi/vec4 0, 0, 32; draw_string_vec4
    %concat/vec4; draw_string_vec4
    %pushi/vec4 0, 0, 32; draw_string_vec4
    %concat/vec4; draw_string_vec4
    %pushi/vec4 0, 0, 32; draw_string_vec4
    %concat/vec4; draw_string_vec4
    %pushi/vec4 0, 0, 32; draw_string_vec4
    %concat/vec4; draw_string_vec4
    %pushi/vec4 0, 0, 32; draw_string_vec4
    %concat/vec4; draw_string_vec4
    %pushi/vec4 4277316, 0, 32; draw_string_vec4
    %concat/vec4; draw_string_vec4
    %store/vec4 v0x600003e3b2a0_0, 0, 320;
    %jmp T_20.6;
T_20.5 ;
    %pushi/vec4 0, 0, 32; draw_string_vec4
    %pushi/vec4 0, 0, 32; draw_string_vec4
    %concat/vec4; draw_string_vec4
    %pushi/vec4 0, 0, 32; draw_string_vec4
    %concat/vec4; draw_string_vec4
    %pushi/vec4 0, 0, 32; draw_string_vec4
    %concat/vec4; draw_string_vec4
    %pushi/vec4 0, 0, 32; draw_string_vec4
    %concat/vec4; draw_string_vec4
    %pushi/vec4 0, 0, 32; draw_string_vec4
    %concat/vec4; draw_string_vec4
    %pushi/vec4 0, 0, 32; draw_string_vec4
    %concat/vec4; draw_string_vec4
    %pushi/vec4 0, 0, 32; draw_string_vec4
    %concat/vec4; draw_string_vec4
    %pushi/vec4 0, 0, 32; draw_string_vec4
    %concat/vec4; draw_string_vec4
    %pushi/vec4 4542020, 0, 32; draw_string_vec4
    %concat/vec4; draw_string_vec4
    %store/vec4 v0x600003e3b2a0_0, 0, 320;
    %jmp T_20.6;
T_20.6 ;
    %pop/vec4 1;
    %jmp T_20;
    .thread T_20, $push;
    .scope S_0x7fb492a04e80;
T_21 ;
    %wait E_0x6000019044c0;
    %load/vec4 v0x600003e3b570_0;
    %flag_set/vec4 8;
    %jmp/0xz  T_21.0, 8;
    %load/vec4 v0x600003e3b450_0;
    %dup/vec4;
    %pushi/vec4 4, 0, 5;
    %cmp/u;
    %jmp/1 T_21.2, 6;
    %dup/vec4;
    %pushi/vec4 8, 0, 5;
    %cmp/u;
    %jmp/1 T_21.3, 6;
    %dup/vec4;
    %pushi/vec4 12, 0, 5;
    %cmp/u;
    %jmp/1 T_21.4, 6;
    %dup/vec4;
    %pushi/vec4 16, 0, 5;
    %cmp/u;
    %jmp/1 T_21.5, 6;
    %dup/vec4;
    %pushi/vec4 20, 0, 5;
    %cmp/u;
    %jmp/1 T_21.6, 6;
    %pushi/vec4 0, 0, 5;
    %store/vec4 v0x600003e3b9f0_0, 0, 5;
    %jmp T_21.8;
T_21.2 ;
    %pushi/vec4 1, 0, 5;
    %store/vec4 v0x600003e3b9f0_0, 0, 5;
    %jmp T_21.8;
T_21.3 ;
    %pushi/vec4 2, 0, 5;
    %store/vec4 v0x600003e3b9f0_0, 0, 5;
    %jmp T_21.8;
T_21.4 ;
    %pushi/vec4 4, 0, 5;
    %store/vec4 v0x600003e3b9f0_0, 0, 5;
    %jmp T_21.8;
T_21.5 ;
    %pushi/vec4 8, 0, 5;
    %store/vec4 v0x600003e3b9f0_0, 0, 5;
    %jmp T_21.8;
T_21.6 ;
    %pushi/vec4 16, 0, 5;
    %store/vec4 v0x600003e3b9f0_0, 0, 5;
    %jmp T_21.8;
T_21.8 ;
    %pop/vec4 1;
    %jmp T_21.1;
T_21.0 ;
    %pushi/vec4 0, 0, 5;
    %store/vec4 v0x600003e3b9f0_0, 0, 5;
T_21.1 ;
    %jmp T_21;
    .thread T_21, $push;
    .scope S_0x7fb492a04e80;
T_22 ;
    %wait E_0x600001904400;
    %load/vec4 v0x600003e3b8d0_0;
    %flag_set/vec4 8;
    %jmp/0xz  T_22.0, 8;
    %pushi/vec4 0, 0, 1;
    %store/vec4 v0x600003e3b7b0_0, 0, 1;
    %pushi/vec4 0, 0, 16;
    %store/vec4 v0x600003e3b330_0, 0, 16;
    %pushi/vec4 0, 0, 16;
    %store/vec4 v0x600003e3b3c0_0, 0, 16;
    %jmp T_22.1;
T_22.0 ;
    %load/vec4 v0x600003e3b570_0;
    %flag_set/vec4 9;
    %flag_get/vec4 9;
    %jmp/0 T_22.4, 9;
    %load/vec4 v0x600003e3ba80_0;
    %and;
T_22.4;
    %flag_set/vec4 8;
    %jmp/0xz  T_22.2, 8;
    %load/vec4 v0x600003e3b9f0_0;
    %parti/s 1, 0, 2;
    %flag_set/vec4 8;
    %jmp/0 T_22.5, 8;
    %load/vec4 v0x600003e3b600_0;
    %jmp/1 T_22.6, 8;
T_22.5 ; End of true expr.
    %load/vec4 v0x600003e3b330_0;
    %jmp/0 T_22.6, 8;
 ; End of false expr.
    %blend;
T_22.6;
    %store/vec4 v0x600003e3b330_0, 0, 16;
    %load/vec4 v0x600003e3b9f0_0;
    %parti/s 1, 1, 2;
    %flag_set/vec4 8;
    %jmp/0 T_22.7, 8;
    %load/vec4 v0x600003e3b600_0;
    %jmp/1 T_22.8, 8;
T_22.7 ; End of true expr.
    %load/vec4 v0x600003e3b3c0_0;
    %jmp/0 T_22.8, 8;
 ; End of false expr.
    %blend;
T_22.8;
    %store/vec4 v0x600003e3b3c0_0, 0, 16;
    %load/vec4 v0x600003e3b9f0_0;
    %parti/s 1, 2, 3;
    %flag_set/vec4 8;
    %jmp/0 T_22.9, 8;
    %load/vec4 v0x600003e3b600_0;
    %parti/s 1, 0, 2;
    %jmp/1 T_22.10, 8;
T_22.9 ; End of true expr.
    %load/vec4 v0x600003e3b7b0_0;
    %jmp/0 T_22.10, 8;
 ; End of false expr.
    %blend;
T_22.10;
    %store/vec4 v0x600003e3b7b0_0, 0, 1;
T_22.2 ;
T_22.1 ;
    %jmp T_22;
    .thread T_22;
    .scope S_0x7fb492a04e80;
T_23 ;
    %wait E_0x600001904400;
    %load/vec4 v0x600003e3b8d0_0;
    %flag_set/vec4 8;
    %jmp/0xz  T_23.0, 8;
    %pushi/vec4 0, 0, 32;
    %store/vec4 v0x600003e3b690_0, 0, 32;
    %jmp T_23.1;
T_23.0 ;
    %load/vec4 v0x600003e3b570_0;
    %flag_set/vec4 9;
    %flag_get/vec4 9;
    %jmp/0 T_23.4, 9;
    %load/vec4 v0x600003e3b840_0;
    %and;
T_23.4;
    %flag_set/vec4 8;
    %jmp/0xz  T_23.2, 8;
    %load/vec4 v0x600003e3b9f0_0;
    %dup/vec4;
    %pushi/vec4 8, 0, 5;
    %cmp/u;
    %jmp/1 T_23.5, 6;
    %dup/vec4;
    %pushi/vec4 16, 0, 5;
    %cmp/u;
    %jmp/1 T_23.6, 6;
    %jmp T_23.7;
T_23.5 ;
    %load/vec4 v0x600003e3b960_0;
    %store/vec4 v0x600003e3b690_0, 0, 32;
    %jmp T_23.7;
T_23.6 ;
    %pushi/vec4 0, 0, 31;
    %load/vec4 v0x600003e3b720_0;
    %concat/vec4; draw_concat_vec4
    %store/vec4 v0x600003e3b690_0, 0, 32;
    %jmp T_23.7;
T_23.7 ;
    %pop/vec4 1;
T_23.2 ;
T_23.1 ;
    %jmp T_23;
    .thread T_23;
    .scope S_0x7fb492a046e0;
T_24 ;
    %wait E_0x600001904100;
    %load/vec4 v0x600003e3db00_0;
    %parti/s 16, 16, 6;
    %dup/vec4;
    %pushi/vec4 64, 0, 16;
    %cmp/u;
    %jmp/1 T_24.0, 6;
    %dup/vec4;
    %pushi/vec4 65, 0, 16;
    %cmp/u;
    %jmp/1 T_24.1, 6;
    %dup/vec4;
    %pushi/vec4 66, 0, 16;
    %cmp/u;
    %jmp/1 T_24.2, 6;
    %dup/vec4;
    %pushi/vec4 67, 0, 16;
    %cmp/u;
    %jmp/1 T_24.3, 6;
    %dup/vec4;
    %pushi/vec4 68, 0, 16;
    %cmp/u;
    %jmp/1 T_24.4, 6;
    %dup/vec4;
    %pushi/vec4 69, 0, 16;
    %cmp/u;
    %jmp/1 T_24.5, 6;
    %pushi/vec4 1, 0, 7;
    %store/vec4 v0x600003e3d8c0_0, 0, 7;
    %jmp T_24.7;
T_24.0 ;
    %pushi/vec4 32, 0, 7;
    %store/vec4 v0x600003e3d8c0_0, 0, 7;
    %jmp T_24.7;
T_24.1 ;
    %pushi/vec4 16, 0, 7;
    %store/vec4 v0x600003e3d8c0_0, 0, 7;
    %jmp T_24.7;
T_24.2 ;
    %pushi/vec4 8, 0, 7;
    %store/vec4 v0x600003e3d8c0_0, 0, 7;
    %jmp T_24.7;
T_24.3 ;
    %pushi/vec4 4, 0, 7;
    %store/vec4 v0x600003e3d8c0_0, 0, 7;
    %jmp T_24.7;
T_24.4 ;
    %pushi/vec4 2, 0, 7;
    %store/vec4 v0x600003e3d8c0_0, 0, 7;
    %jmp T_24.7;
T_24.5 ;
    %pushi/vec4 64, 0, 7;
    %store/vec4 v0x600003e3d8c0_0, 0, 7;
    %jmp T_24.7;
T_24.7 ;
    %pop/vec4 1;
    %jmp T_24;
    .thread T_24, $push;
    .scope S_0x7fb492a046e0;
T_25 ;
    %wait E_0x600001904080;
    %load/vec4 v0x600003e3d8c0_0;
    %dup/vec4;
    %pushi/vec4 64, 0, 7;
    %cmp/u;
    %jmp/1 T_25.0, 6;
    %dup/vec4;
    %pushi/vec4 32, 0, 7;
    %cmp/u;
    %jmp/1 T_25.1, 6;
    %dup/vec4;
    %pushi/vec4 16, 0, 7;
    %cmp/u;
    %jmp/1 T_25.2, 6;
    %dup/vec4;
    %pushi/vec4 8, 0, 7;
    %cmp/u;
    %jmp/1 T_25.3, 6;
    %dup/vec4;
    %pushi/vec4 4, 0, 7;
    %cmp/u;
    %jmp/1 T_25.4, 6;
    %dup/vec4;
    %pushi/vec4 2, 0, 7;
    %cmp/u;
    %jmp/1 T_25.5, 6;
    %dup/vec4;
    %pushi/vec4 1, 0, 7;
    %cmp/u;
    %jmp/1 T_25.6, 6;
    %pushi/vec4 1717986918, 0, 32;
    %store/vec4 v0x600003e3db90_0, 0, 32;
    %jmp T_25.8;
T_25.0 ;
    %load/vec4 v0x600003e3d9e0_0;
    %store/vec4 v0x600003e3db90_0, 0, 32;
    %jmp T_25.8;
T_25.1 ;
    %load/vec4 v0x600003e3df80_0;
    %store/vec4 v0x600003e3db90_0, 0, 32;
    %jmp T_25.8;
T_25.2 ;
    %load/vec4 v0x600003e3da70_0;
    %store/vec4 v0x600003e3db90_0, 0, 32;
    %jmp T_25.8;
T_25.3 ;
    %load/vec4 v0x600003e3ddd0_0;
    %store/vec4 v0x600003e3db90_0, 0, 32;
    %jmp T_25.8;
T_25.4 ;
    %load/vec4 v0x600003e3d950_0;
    %store/vec4 v0x600003e3db90_0, 0, 32;
    %jmp T_25.8;
T_25.5 ;
    %load/vec4 v0x600003e3d7a0_0;
    %store/vec4 v0x600003e3db90_0, 0, 32;
    %jmp T_25.8;
T_25.6 ;
    %load/vec4 v0x600003e3d440_0;
    %store/vec4 v0x600003e3db90_0, 0, 32;
    %jmp T_25.8;
T_25.8 ;
    %pop/vec4 1;
    %jmp T_25;
    .thread T_25, $push;
    .scope S_0x7fb492a046e0;
T_26 ;
    %wait E_0x600001904400;
    %load/vec4 v0x600003e3d8c0_0;
    %parti/s 1, 5, 4;
    %load/vec4 v0x600003e3e010_0;
    %and;
    %flag_set/vec4 8;
    %jmp/0xz  T_26.0, 8;
    %vpi_call 4 120 "$write", "%c", &PV<v0x600003e3dcb0_0, 0, 8> {0 0 0};
    %vpi_call 4 121 "$fflush", 32'b10000000000000000000000000000001 {0 0 0};
T_26.0 ;
    %jmp T_26;
    .thread T_26;
    .scope S_0x7fb492a04400;
T_27 ;
    %pushi/vec4 0, 0, 1;
    %store/vec4 v0x600003e3e250_0, 0, 1;
    %pushi/vec4 0, 0, 5;
    %store/vec4 v0x600003e3e400_0, 0, 5;
    %end;
    .thread T_27;
    .scope S_0x7fb492a04400;
T_28 ;
    %pushi/vec4 0, 0, 1;
    %assign/vec4 v0x600003e3e0a0_0, 0;
    %end;
    .thread T_28;
    .scope S_0x7fb492a04400;
T_29 ;
    %delay 20, 0;
    %load/vec4 v0x600003e3e0a0_0;
    %inv;
    %assign/vec4 v0x600003e3e0a0_0, 0;
    %jmp T_29;
    .thread T_29;
    .scope S_0x7fb492a04400;
T_30 ;
    %load/vec4 v0x600003e3e130_0;
    %pad/u 5;
    %load/vec4 v0x600003e3e400_0;
    %cmp/ne;
    %jmp/0xz  T_30.0, 4;
    %vpi_call 3 59 "$display", "LEDS = %b", v0x600003e3e130_0 {0 0 0};
T_30.0 ;
    %load/vec4 v0x600003e3e130_0;
    %pad/u 5;
    %assign/vec4 v0x600003e3e400_0, 0;
    %end;
    .thread T_30;
    .scope S_0x7fb492a04400;
T_31 ;
    %vpi_call 3 69 "$dumpfile", "bench.vcd" {0 0 0};
    %vpi_call 3 70 "$dumpvars", 32'sb11111111111111111111111111111111, S_0x7fb492a04400 {0 0 0};
    %pushi/vec4 0, 0, 32;
    %store/vec4 v0x600003e3e370_0, 0, 32;
T_31.0 ;
    %load/vec4 v0x600003e3e370_0;
    %cmpi/s 32, 0, 32;
    %jmp/0xz T_31.1, 5;
    %vpi_call 3 71 "$dumpvars", 32'sb00000000000000000000000000000000, &A<v0x600003e3a370, v0x600003e3e370_0 > {0 0 0};
    %load/vec4 v0x600003e3e370_0;
    %addi 1, 0, 32;
    %store/vec4 v0x600003e3e370_0, 0, 32;
    %jmp T_31.0;
T_31.1 ;
    %delay 0, 0;
    %pushi/vec4 1, 0, 1;
    %store/vec4 v0x600003e3e250_0, 0, 1;
    %delay 0, 0;
    %pushi/vec4 0, 0, 1;
    %store/vec4 v0x600003e3e1c0_0, 0, 1;
    %delay 80, 0;
    %pushi/vec4 0, 0, 1;
    %store/vec4 v0x600003e3e1c0_0, 0, 1;
    %delay 160, 0;
    %pushi/vec4 1, 0, 1;
    %store/vec4 v0x600003e3e1c0_0, 0, 1;
    %wait E_0x600001904400;
    %delay 3600000, 0;
    %pushi/vec4 52, 0, 8;
    %store/vec4 v0x600003e30510_0, 0, 8;
    %fork TD_bench.UART_WRITE_BYTE, S_0x7fb492a04570;
    %join;
    %delay 100000, 0;
    %pushi/vec4 55, 0, 8;
    %store/vec4 v0x600003e30510_0, 0, 8;
    %fork TD_bench.UART_WRITE_BYTE, S_0x7fb492a04570;
    %join;
    %delay 100000, 0;
    %pushi/vec4 42, 0, 8;
    %store/vec4 v0x600003e30510_0, 0, 8;
    %fork TD_bench.UART_WRITE_BYTE, S_0x7fb492a04570;
    %join;
    %delay 100000, 0;
    %pushi/vec4 48, 0, 8;
    %store/vec4 v0x600003e30510_0, 0, 8;
    %fork TD_bench.UART_WRITE_BYTE, S_0x7fb492a04570;
    %join;
    %delay 100000, 0;
    %pushi/vec4 50, 0, 8;
    %store/vec4 v0x600003e30510_0, 0, 8;
    %fork TD_bench.UART_WRITE_BYTE, S_0x7fb492a04570;
    %join;
    %delay 4000000, 0;
    %pushi/vec4 57, 0, 8;
    %store/vec4 v0x600003e30510_0, 0, 8;
    %fork TD_bench.UART_WRITE_BYTE, S_0x7fb492a04570;
    %join;
    %delay 100000, 0;
    %pushi/vec4 57, 0, 8;
    %store/vec4 v0x600003e30510_0, 0, 8;
    %fork TD_bench.UART_WRITE_BYTE, S_0x7fb492a04570;
    %join;
    %delay 100000, 0;
    %pushi/vec4 47, 0, 8;
    %store/vec4 v0x600003e30510_0, 0, 8;
    %fork TD_bench.UART_WRITE_BYTE, S_0x7fb492a04570;
    %join;
    %delay 100000, 0;
    %pushi/vec4 48, 0, 8;
    %store/vec4 v0x600003e30510_0, 0, 8;
    %fork TD_bench.UART_WRITE_BYTE, S_0x7fb492a04570;
    %join;
    %delay 100000, 0;
    %pushi/vec4 51, 0, 8;
    %store/vec4 v0x600003e30510_0, 0, 8;
    %fork TD_bench.UART_WRITE_BYTE, S_0x7fb492a04570;
    %join;
    %wait E_0x600001904400;
    %delay 2000000, 0;
    %vpi_call 3 108 "$finish" {0 0 0};
    %end;
    .thread T_31;
# The file index is used to find the file name in the following table.
:file_names 10;
    "N/A";
    "<interactive>";
    "cores/cpu/femtorv32_quark.v";
    "bench_quark.v";
    "SOC.v";
    "cores/bram/bram.v";
    "cores/mult/perip_mult.v";
    "cores/mult/mult.v";
    "cores/uart/perip_uart.v";
    "cores/uart/uart.v";
