#! /usr/bin/vvp
:ivl_version "11.0 (stable)";
:ivl_delay_selection "TYPICAL";
:vpi_time_precision - 12;
:vpi_module "/usr/lib/x86_64-linux-gnu/ivl/system.vpi";
:vpi_module "/usr/lib/x86_64-linux-gnu/ivl/vhdl_sys.vpi";
:vpi_module "/usr/lib/x86_64-linux-gnu/ivl/vhdl_textio.vpi";
:vpi_module "/usr/lib/x86_64-linux-gnu/ivl/v2005_math.vpi";
:vpi_module "/usr/lib/x86_64-linux-gnu/ivl/va_math.vpi";
S_0x555761f33fa0 .scope module, "mult_TB" "mult_TB" 2 3;
 .timescale -9 -12;
P_0x555761f34130 .param/l "PERIOD" 0 2 22, +C4<00000000000000000000000000010100>;
v0x555761f58580_0 .var "clk", 0 0;
v0x555761f58640_0 .net "done", 0 0, v0x555761f57db0_0;  1 drivers
v0x555761f58710_0 .var "init", 0 0;
v0x555761f58810_0 .var "op_A", 15 0;
v0x555761f588e0_0 .var "op_B", 15 0;
v0x555761f58980_0 .var "reset", 0 0;
v0x555761f58a50_0 .net "result", 31 0, v0x555761f58200_0;  1 drivers
E_0x555761f3dd40 .event posedge, v0x555761f57c00_0;
E_0x555761f35a80 .event negedge, v0x555761f57c00_0;
S_0x555761f341d0 .scope begin, "TEST_CASE" "TEST_CASE" 2 46, 2 46 0, S_0x555761f33fa0;
 .timescale -9 -12;
S_0x555761ef6d20 .scope module, "uut" "mult" 2 12, 3 1 0, S_0x555761f33fa0;
 .timescale -9 -12;
    .port_info 0 /INPUT 1 "reset";
    .port_info 1 /INPUT 1 "clk";
    .port_info 2 /INPUT 1 "init";
    .port_info 3 /OUTPUT 1 "done";
    .port_info 4 /OUTPUT 32 "result";
    .port_info 5 /INPUT 16 "op_A";
    .port_info 6 /INPUT 16 "op_B";
P_0x555761ef6f00 .param/l "ADD" 0 3 16, C4<011>;
P_0x555761ef6f40 .param/l "CHECK" 0 3 14, C4<001>;
P_0x555761ef6f80 .param/l "END" 0 3 17, C4<100>;
P_0x555761ef6fc0 .param/l "SHIFT" 0 3 15, C4<010>;
P_0x555761ef7000 .param/l "START" 0 3 13, C4<000>;
P_0x555761ef7040 .param/l "START1" 0 3 18, C4<101>;
v0x555761f22220_0 .var "A", 15 0;
v0x555761f57b20_0 .var "B", 15 0;
v0x555761f57c00_0 .net "clk", 0 0, v0x555761f58580_0;  1 drivers
v0x555761f57cd0_0 .var "count", 4 0;
v0x555761f57db0_0 .var "done", 0 0;
v0x555761f57ec0_0 .net "init", 0 0, v0x555761f58710_0;  1 drivers
v0x555761f57f80_0 .net "op_A", 15 0, v0x555761f58810_0;  1 drivers
v0x555761f58060_0 .net "op_B", 15 0, v0x555761f588e0_0;  1 drivers
v0x555761f58140_0 .net "reset", 0 0, v0x555761f58980_0;  1 drivers
v0x555761f58200_0 .var "result", 31 0;
v0x555761f582e0_0 .var "state", 2 0;
v0x555761f583c0_0 .var "state_name", 320 1;
E_0x555761f27540 .event edge, v0x555761f582e0_0;
E_0x555761f269a0 .event posedge, v0x555761f58140_0, v0x555761f57c00_0;
    .scope S_0x555761ef6d20;
T_0 ;
    %pushi/vec4 0, 0, 32;
    %store/vec4 v0x555761f58200_0, 0, 32;
    %pushi/vec4 0, 0, 1;
    %store/vec4 v0x555761f57db0_0, 0, 1;
    %end;
    .thread T_0;
    .scope S_0x555761ef6d20;
T_1 ;
    %wait E_0x555761f269a0;
    %load/vec4 v0x555761f58140_0;
    %flag_set/vec4 8;
    %jmp/0xz  T_1.0, 8;
    %pushi/vec4 0, 0, 1;
    %assign/vec4 v0x555761f57db0_0, 0;
    %pushi/vec4 0, 0, 32;
    %assign/vec4 v0x555761f58200_0, 0;
    %pushi/vec4 0, 0, 3;
    %store/vec4 v0x555761f582e0_0, 0, 3;
    %jmp T_1.1;
T_1.0 ;
    %load/vec4 v0x555761f582e0_0;
    %dup/vec4;
    %pushi/vec4 0, 0, 3;
    %cmp/u;
    %jmp/1 T_1.2, 6;
    %dup/vec4;
    %pushi/vec4 5, 0, 3;
    %cmp/u;
    %jmp/1 T_1.3, 6;
    %dup/vec4;
    %pushi/vec4 1, 0, 3;
    %cmp/u;
    %jmp/1 T_1.4, 6;
    %dup/vec4;
    %pushi/vec4 2, 0, 3;
    %cmp/u;
    %jmp/1 T_1.5, 6;
    %dup/vec4;
    %pushi/vec4 3, 0, 3;
    %cmp/u;
    %jmp/1 T_1.6, 6;
    %dup/vec4;
    %pushi/vec4 4, 0, 3;
    %cmp/u;
    %jmp/1 T_1.7, 6;
    %pushi/vec4 0, 0, 3;
    %store/vec4 v0x555761f582e0_0, 0, 3;
    %jmp T_1.9;
T_1.2 ;
    %pushi/vec4 0, 0, 5;
    %store/vec4 v0x555761f57cd0_0, 0, 5;
    %pushi/vec4 0, 0, 1;
    %assign/vec4 v0x555761f57db0_0, 0;
    %pushi/vec4 0, 0, 32;
    %store/vec4 v0x555761f58200_0, 0, 32;
    %load/vec4 v0x555761f57ec0_0;
    %flag_set/vec4 8;
    %jmp/0xz  T_1.10, 8;
    %pushi/vec4 5, 0, 3;
    %store/vec4 v0x555761f582e0_0, 0, 3;
    %jmp T_1.11;
T_1.10 ;
    %pushi/vec4 0, 0, 3;
    %store/vec4 v0x555761f582e0_0, 0, 3;
T_1.11 ;
    %jmp T_1.9;
T_1.3 ;
    %load/vec4 v0x555761f57f80_0;
    %assign/vec4 v0x555761f22220_0, 0;
    %load/vec4 v0x555761f58060_0;
    %assign/vec4 v0x555761f57b20_0, 0;
    %pushi/vec4 0, 0, 1;
    %assign/vec4 v0x555761f57db0_0, 0;
    %pushi/vec4 0, 0, 32;
    %store/vec4 v0x555761f58200_0, 0, 32;
    %pushi/vec4 1, 0, 3;
    %store/vec4 v0x555761f582e0_0, 0, 3;
    %jmp T_1.9;
T_1.4 ;
    %load/vec4 v0x555761f57b20_0;
    %parti/s 1, 0, 2;
    %flag_set/vec4 8;
    %jmp/0xz  T_1.12, 8;
    %pushi/vec4 3, 0, 3;
    %store/vec4 v0x555761f582e0_0, 0, 3;
    %jmp T_1.13;
T_1.12 ;
    %pushi/vec4 2, 0, 3;
    %store/vec4 v0x555761f582e0_0, 0, 3;
T_1.13 ;
    %jmp T_1.9;
T_1.5 ;
    %load/vec4 v0x555761f57b20_0;
    %ix/load 4, 1, 0;
    %flag_set/imm 4, 0;
    %shiftr 4;
    %store/vec4 v0x555761f57b20_0, 0, 16;
    %load/vec4 v0x555761f22220_0;
    %ix/load 4, 1, 0;
    %flag_set/imm 4, 0;
    %shiftl 4;
    %store/vec4 v0x555761f22220_0, 0, 16;
    %pushi/vec4 0, 0, 1;
    %store/vec4 v0x555761f57db0_0, 0, 1;
    %load/vec4 v0x555761f57b20_0;
    %pad/u 32;
    %cmpi/e 0, 0, 32;
    %jmp/0xz  T_1.14, 4;
    %pushi/vec4 4, 0, 3;
    %store/vec4 v0x555761f582e0_0, 0, 3;
    %jmp T_1.15;
T_1.14 ;
    %pushi/vec4 1, 0, 3;
    %store/vec4 v0x555761f582e0_0, 0, 3;
T_1.15 ;
    %jmp T_1.9;
T_1.6 ;
    %load/vec4 v0x555761f58200_0;
    %load/vec4 v0x555761f22220_0;
    %pad/u 32;
    %add;
    %assign/vec4 v0x555761f58200_0, 0;
    %pushi/vec4 0, 0, 1;
    %store/vec4 v0x555761f57db0_0, 0, 1;
    %pushi/vec4 2, 0, 3;
    %store/vec4 v0x555761f582e0_0, 0, 3;
    %jmp T_1.9;
T_1.7 ;
    %pushi/vec4 1, 0, 1;
    %store/vec4 v0x555761f57db0_0, 0, 1;
    %load/vec4 v0x555761f57cd0_0;
    %addi 1, 0, 5;
    %store/vec4 v0x555761f57cd0_0, 0, 5;
    %load/vec4 v0x555761f57cd0_0;
    %pad/u 32;
    %cmpi/u 29, 0, 32;
    %flag_or 5, 4; GT is !LE
    %flag_inv 5;
    %flag_mov 8, 5;
    %jmp/0 T_1.16, 8;
    %pushi/vec4 0, 0, 3;
    %jmp/1 T_1.17, 8;
T_1.16 ; End of true expr.
    %pushi/vec4 4, 0, 3;
    %jmp/0 T_1.17, 8;
 ; End of false expr.
    %blend;
T_1.17;
    %store/vec4 v0x555761f582e0_0, 0, 3;
    %jmp T_1.9;
T_1.9 ;
    %pop/vec4 1;
T_1.1 ;
    %jmp T_1;
    .thread T_1;
    .scope S_0x555761ef6d20;
T_2 ;
    %wait E_0x555761f27540;
    %load/vec4 v0x555761f582e0_0;
    %dup/vec4;
    %pushi/vec4 0, 0, 3;
    %cmp/u;
    %jmp/1 T_2.0, 6;
    %dup/vec4;
    %pushi/vec4 5, 0, 3;
    %cmp/u;
    %jmp/1 T_2.1, 6;
    %dup/vec4;
    %pushi/vec4 1, 0, 3;
    %cmp/u;
    %jmp/1 T_2.2, 6;
    %dup/vec4;
    %pushi/vec4 2, 0, 3;
    %cmp/u;
    %jmp/1 T_2.3, 6;
    %dup/vec4;
    %pushi/vec4 3, 0, 3;
    %cmp/u;
    %jmp/1 T_2.4, 6;
    %dup/vec4;
    %pushi/vec4 4, 0, 3;
    %cmp/u;
    %jmp/1 T_2.5, 6;
    %jmp T_2.6;
T_2.0 ;
    %pushi/vec4 0, 0, 32; draw_string_vec4
    %pushi/vec4 0, 0, 32; draw_string_vec4
    %concat/vec4; draw_string_vec4
    %pushi/vec4 0, 0, 32; draw_string_vec4
    %concat/vec4; draw_string_vec4
    %pushi/vec4 0, 0, 32; draw_string_vec4
    %concat/vec4; draw_string_vec4
    %pushi/vec4 0, 0, 32; draw_string_vec4
    %concat/vec4; draw_string_vec4
    %pushi/vec4 0, 0, 32; draw_string_vec4
    %concat/vec4; draw_string_vec4
    %pushi/vec4 0, 0, 32; draw_string_vec4
    %concat/vec4; draw_string_vec4
    %pushi/vec4 0, 0, 32; draw_string_vec4
    %concat/vec4; draw_string_vec4
    %pushi/vec4 83, 0, 32; draw_string_vec4
    %concat/vec4; draw_string_vec4
    %pushi/vec4 1413567060, 0, 32; draw_string_vec4
    %concat/vec4; draw_string_vec4
    %store/vec4 v0x555761f583c0_0, 0, 320;
    %jmp T_2.6;
T_2.1 ;
    %pushi/vec4 0, 0, 32; draw_string_vec4
    %pushi/vec4 0, 0, 32; draw_string_vec4
    %concat/vec4; draw_string_vec4
    %pushi/vec4 0, 0, 32; draw_string_vec4
    %concat/vec4; draw_string_vec4
    %pushi/vec4 0, 0, 32; draw_string_vec4
    %concat/vec4; draw_string_vec4
    %pushi/vec4 0, 0, 32; draw_string_vec4
    %concat/vec4; draw_string_vec4
    %pushi/vec4 0, 0, 32; draw_string_vec4
    %concat/vec4; draw_string_vec4
    %pushi/vec4 0, 0, 32; draw_string_vec4
    %concat/vec4; draw_string_vec4
    %pushi/vec4 0, 0, 32; draw_string_vec4
    %concat/vec4; draw_string_vec4
    %pushi/vec4 21332, 0, 32; draw_string_vec4
    %concat/vec4; draw_string_vec4
    %pushi/vec4 1095914545, 0, 32; draw_string_vec4
    %concat/vec4; draw_string_vec4
    %store/vec4 v0x555761f583c0_0, 0, 320;
    %jmp T_2.6;
T_2.2 ;
    %pushi/vec4 0, 0, 32; draw_string_vec4
    %pushi/vec4 0, 0, 32; draw_string_vec4
    %concat/vec4; draw_string_vec4
    %pushi/vec4 0, 0, 32; draw_string_vec4
    %concat/vec4; draw_string_vec4
    %pushi/vec4 0, 0, 32; draw_string_vec4
    %concat/vec4; draw_string_vec4
    %pushi/vec4 0, 0, 32; draw_string_vec4
    %concat/vec4; draw_string_vec4
    %pushi/vec4 0, 0, 32; draw_string_vec4
    %concat/vec4; draw_string_vec4
    %pushi/vec4 0, 0, 32; draw_string_vec4
    %concat/vec4; draw_string_vec4
    %pushi/vec4 0, 0, 32; draw_string_vec4
    %concat/vec4; draw_string_vec4
    %pushi/vec4 67, 0, 32; draw_string_vec4
    %concat/vec4; draw_string_vec4
    %pushi/vec4 1212498763, 0, 32; draw_string_vec4
    %concat/vec4; draw_string_vec4
    %store/vec4 v0x555761f583c0_0, 0, 320;
    %jmp T_2.6;
T_2.3 ;
    %pushi/vec4 0, 0, 32; draw_string_vec4
    %pushi/vec4 0, 0, 32; draw_string_vec4
    %concat/vec4; draw_string_vec4
    %pushi/vec4 0, 0, 32; draw_string_vec4
    %concat/vec4; draw_string_vec4
    %pushi/vec4 0, 0, 32; draw_string_vec4
    %concat/vec4; draw_string_vec4
    %pushi/vec4 0, 0, 32; draw_string_vec4
    %concat/vec4; draw_string_vec4
    %pushi/vec4 0, 0, 32; draw_string_vec4
    %concat/vec4; draw_string_vec4
    %pushi/vec4 0, 0, 32; draw_string_vec4
    %concat/vec4; draw_string_vec4
    %pushi/vec4 0, 0, 32; draw_string_vec4
    %concat/vec4; draw_string_vec4
    %pushi/vec4 83, 0, 32; draw_string_vec4
    %concat/vec4; draw_string_vec4
    %pushi/vec4 1212761684, 0, 32; draw_string_vec4
    %concat/vec4; draw_string_vec4
    %store/vec4 v0x555761f583c0_0, 0, 320;
    %jmp T_2.6;
T_2.4 ;
    %pushi/vec4 0, 0, 32; draw_string_vec4
    %pushi/vec4 0, 0, 32; draw_string_vec4
    %concat/vec4; draw_string_vec4
    %pushi/vec4 0, 0, 32; draw_string_vec4
    %concat/vec4; draw_string_vec4
    %pushi/vec4 0, 0, 32; draw_string_vec4
    %concat/vec4; draw_string_vec4
    %pushi/vec4 0, 0, 32; draw_string_vec4
    %concat/vec4; draw_string_vec4
    %pushi/vec4 0, 0, 32; draw_string_vec4
    %concat/vec4; draw_string_vec4
    %pushi/vec4 0, 0, 32; draw_string_vec4
    %concat/vec4; draw_string_vec4
    %pushi/vec4 0, 0, 32; draw_string_vec4
    %concat/vec4; draw_string_vec4
    %pushi/vec4 0, 0, 32; draw_string_vec4
    %concat/vec4; draw_string_vec4
    %pushi/vec4 4277316, 0, 32; draw_string_vec4
    %concat/vec4; draw_string_vec4
    %store/vec4 v0x555761f583c0_0, 0, 320;
    %jmp T_2.6;
T_2.5 ;
    %pushi/vec4 0, 0, 32; draw_string_vec4
    %pushi/vec4 0, 0, 32; draw_string_vec4
    %concat/vec4; draw_string_vec4
    %pushi/vec4 0, 0, 32; draw_string_vec4
    %concat/vec4; draw_string_vec4
    %pushi/vec4 0, 0, 32; draw_string_vec4
    %concat/vec4; draw_string_vec4
    %pushi/vec4 0, 0, 32; draw_string_vec4
    %concat/vec4; draw_string_vec4
    %pushi/vec4 0, 0, 32; draw_string_vec4
    %concat/vec4; draw_string_vec4
    %pushi/vec4 0, 0, 32; draw_string_vec4
    %concat/vec4; draw_string_vec4
    %pushi/vec4 0, 0, 32; draw_string_vec4
    %concat/vec4; draw_string_vec4
    %pushi/vec4 0, 0, 32; draw_string_vec4
    %concat/vec4; draw_string_vec4
    %pushi/vec4 4542020, 0, 32; draw_string_vec4
    %concat/vec4; draw_string_vec4
    %store/vec4 v0x555761f583c0_0, 0, 320;
    %jmp T_2.6;
T_2.6 ;
    %pop/vec4 1;
    %jmp T_2;
    .thread T_2, $push;
    .scope S_0x555761f33fa0;
T_3 ;
    %pushi/vec4 0, 0, 1;
    %store/vec4 v0x555761f58580_0, 0, 1;
    %pushi/vec4 0, 0, 1;
    %store/vec4 v0x555761f58980_0, 0, 1;
    %pushi/vec4 0, 0, 1;
    %store/vec4 v0x555761f58710_0, 0, 1;
    %pushi/vec4 85, 0, 16;
    %store/vec4 v0x555761f58810_0, 0, 16;
    %pushi/vec4 51, 0, 16;
    %store/vec4 v0x555761f588e0_0, 0, 16;
    %end;
    .thread T_3;
    .scope S_0x555761f33fa0;
T_4 ;
    %pushi/vec4 0, 0, 1;
    %assign/vec4 v0x555761f58580_0, 0;
    %end;
    .thread T_4;
    .scope S_0x555761f33fa0;
T_5 ;
    %delay 10000, 0;
    %load/vec4 v0x555761f58580_0;
    %inv;
    %assign/vec4 v0x555761f58580_0, 0;
    %jmp T_5;
    .thread T_5;
    .scope S_0x555761f33fa0;
T_6 ;
    %wait E_0x555761f35a80;
    %pushi/vec4 1, 0, 1;
    %store/vec4 v0x555761f58980_0, 0, 1;
    %wait E_0x555761f35a80;
    %pushi/vec4 0, 0, 1;
    %store/vec4 v0x555761f58980_0, 0, 1;
    %delay 80000, 0;
    %pushi/vec4 0, 0, 1;
    %store/vec4 v0x555761f58710_0, 0, 1;
    %wait E_0x555761f3dd40;
    %pushi/vec4 1, 0, 1;
    %store/vec4 v0x555761f58710_0, 0, 1;
    %delay 40000, 0;
    %pushi/vec4 0, 0, 1;
    %store/vec4 v0x555761f58710_0, 0, 1;
    %delay 1000000, 0;
    %end;
    .thread T_6;
    .scope S_0x555761f33fa0;
T_7 ;
    %fork t_1, S_0x555761f341d0;
    %jmp t_0;
    .scope S_0x555761f341d0;
t_1 ;
    %vpi_call 2 47 "$dumpfile", "mult_TB.vcd" {0 0 0};
    %vpi_call 2 48 "$dumpvars", 32'sb11111111111111111111111111111111, S_0x555761f33fa0 {0 0 0};
    %delay 1000000, 0;
    %vpi_call 2 49 "$finish" {0 0 0};
    %end;
    .scope S_0x555761f33fa0;
t_0 %join;
    %end;
    .thread T_7;
# The file index is used to find the file name in the following table.
:file_names 4;
    "N/A";
    "<interactive>";
    "mult_TB.v";
    "mult.v";
