#! /usr/bin/vvp
:ivl_version "11.0 (stable)";
:ivl_delay_selection "TYPICAL";
:vpi_time_precision - 12;
:vpi_module "/usr/lib/x86_64-linux-gnu/ivl/system.vpi";
:vpi_module "/usr/lib/x86_64-linux-gnu/ivl/vhdl_sys.vpi";
:vpi_module "/usr/lib/x86_64-linux-gnu/ivl/vhdl_textio.vpi";
:vpi_module "/usr/lib/x86_64-linux-gnu/ivl/v2005_math.vpi";
:vpi_module "/usr/lib/x86_64-linux-gnu/ivl/va_math.vpi";
S_0x5630cdadbd70 .scope module, "MappedSPIFlash_TB" "MappedSPIFlash_TB" 2 3;
 .timescale -9 -12;
P_0x5630cda9e620 .param/real "DUTY_CYCLE" 0 2 21, Cr<m4000000000000000gfc1>; value=0.500000
P_0x5630cda9e660 .param/l "OFFSET" 0 2 22, +C4<00000000000000000000000000000000>;
P_0x5630cda9e6a0 .param/l "PERIOD" 0 2 20, +C4<00000000000000000000000000010100>;
v0x5630cdb04740_0 .net "CLK", 0 0, v0x5630cdacc4a0_0;  1 drivers
v0x5630cdb04800_0 .net "CS_N", 0 0, v0x5630cdacc810_0;  1 drivers
o0x7f8023979078 .functor BUFZ 1, C4<z>; HiZ drive
v0x5630cdb048a0_0 .net "MISO", 0 0, o0x7f8023979078;  0 drivers
v0x5630cdb049a0_0 .net "MOSI", 0 0, L_0x5630cdb04fc0;  1 drivers
v0x5630cdb04a70_0 .var "clk", 0 0;
v0x5630cdb04b10_0 .var "i", 20 0;
v0x5630cdb04bb0_0 .net "rbusy", 0 0, v0x5630cdb03e20_0;  1 drivers
v0x5630cdb04c80_0 .net "rdata", 31 0, L_0x5630cdb05420;  1 drivers
v0x5630cdb04d50_0 .var "reset", 0 0;
v0x5630cdb04e20_0 .var "rstrb", 0 0;
v0x5630cdb04ef0_0 .var "word_address", 19 0;
E_0x5630cdace190 .event posedge, v0x5630cdb03ae0_0;
S_0x5630cdadbff0 .scope begin, "TEST_CASE" "TEST_CASE" 2 52, 2 52 0, S_0x5630cdadbd70;
 .timescale -9 -12;
S_0x5630cdace6b0 .scope module, "uut" "MappedSPIFlash" 2 16, 3 3 0, S_0x5630cdadbd70;
 .timescale -9 -12;
    .port_info 0 /INPUT 1 "clk";
    .port_info 1 /INPUT 1 "reset";
    .port_info 2 /INPUT 1 "rstrb";
    .port_info 3 /INPUT 20 "word_address";
    .port_info 4 /OUTPUT 32 "rdata";
    .port_info 5 /OUTPUT 1 "rbusy";
    .port_info 6 /OUTPUT 1 "CLK";
    .port_info 7 /OUTPUT 1 "CS_N";
    .port_info 8 /OUTPUT 1 "MOSI";
    .port_info 9 /INPUT 1 "MISO";
P_0x5630cdace890 .param/l "END" 0 3 24, C4<100>;
P_0x5630cdace8d0 .param/l "RECEIVE" 0 3 23, C4<011>;
P_0x5630cdace910 .param/l "SEND" 0 3 22, C4<010>;
P_0x5630cdace950 .param/l "START" 0 3 20, C4<000>;
P_0x5630cdace990 .param/l "WAIT_STRB" 0 3 21, C4<001>;
P_0x5630cdace9d0 .param/l "divisor" 0 3 26, +C4<00000000000000000000000000000110>;
v0x5630cdacc4a0_0 .var "CLK", 0 0;
v0x5630cdacc810_0 .var "CS_N", 0 0;
v0x5630cdaccc90_0 .net "MISO", 0 0, o0x7f8023979078;  alias, 0 drivers
v0x5630cdac86f0_0 .net "MOSI", 0 0, L_0x5630cdb04fc0;  alias, 1 drivers
v0x5630cdb03710_0 .net *"_ivl_3", 7 0, L_0x5630cdb05060;  1 drivers
v0x5630cdb03840_0 .net *"_ivl_5", 7 0, L_0x5630cdb05160;  1 drivers
v0x5630cdb03920_0 .net *"_ivl_7", 7 0, L_0x5630cdb05280;  1 drivers
v0x5630cdb03a00_0 .net *"_ivl_9", 7 0, L_0x5630cdb05350;  1 drivers
v0x5630cdb03ae0_0 .net "clk", 0 0, v0x5630cdb04a70_0;  1 drivers
v0x5630cdb03ba0_0 .var "clk_div", 0 0;
v0x5630cdb03c60_0 .var "cmd_addr", 31 0;
v0x5630cdb03d40_0 .var "div_counter", 5 0;
v0x5630cdb03e20_0 .var "rbusy", 0 0;
v0x5630cdb03ee0_0 .var "rcv_bitcount", 5 0;
v0x5630cdb03fc0_0 .var "rcv_data", 31 0;
v0x5630cdb040a0_0 .net "rdata", 31 0, L_0x5630cdb05420;  alias, 1 drivers
v0x5630cdb04180_0 .net "reset", 0 0, v0x5630cdb04d50_0;  1 drivers
v0x5630cdb04240_0 .net "rstrb", 0 0, v0x5630cdb04e20_0;  1 drivers
v0x5630cdb04300_0 .var "snd_bitcount", 5 0;
v0x5630cdb043e0_0 .var "state", 2 0;
v0x5630cdb044c0_0 .net "word_address", 19 0, v0x5630cdb04ef0_0;  1 drivers
E_0x5630cdace390 .event negedge, v0x5630cdb03ae0_0;
L_0x5630cdb04fc0 .part v0x5630cdb03c60_0, 31, 1;
L_0x5630cdb05060 .part v0x5630cdb03fc0_0, 0, 8;
L_0x5630cdb05160 .part v0x5630cdb03fc0_0, 8, 8;
L_0x5630cdb05280 .part v0x5630cdb03fc0_0, 16, 8;
L_0x5630cdb05350 .part v0x5630cdb03fc0_0, 24, 8;
L_0x5630cdb05420 .concat [ 8 8 8 8], L_0x5630cdb05350, L_0x5630cdb05280, L_0x5630cdb05160, L_0x5630cdb05060;
    .scope S_0x5630cdace6b0;
T_0 ;
    %wait E_0x5630cdace390;
    %load/vec4 v0x5630cdb04180_0;
    %nor/r;
    %flag_set/vec4 8;
    %jmp/0xz  T_0.0, 8;
    %pushi/vec4 0, 0, 1;
    %assign/vec4 v0x5630cdb03ba0_0, 0;
    %pushi/vec4 0, 0, 6;
    %assign/vec4 v0x5630cdb03d40_0, 0;
    %pushi/vec4 0, 0, 1;
    %assign/vec4 v0x5630cdacc4a0_0, 0;
    %jmp T_0.1;
T_0.0 ;
    %load/vec4 v0x5630cdb03d40_0;
    %pad/u 32;
    %cmpi/u 6, 0, 32;
    %flag_inv 5; GE is !LT
    %jmp/0xz  T_0.2, 5;
    %pushi/vec4 1, 0, 1;
    %assign/vec4 v0x5630cdb03ba0_0, 0;
    %pushi/vec4 0, 0, 6;
    %assign/vec4 v0x5630cdb03d40_0, 0;
    %load/vec4 v0x5630cdacc4a0_0;
    %inv;
    %load/vec4 v0x5630cdacc810_0;
    %nor/r;
    %and;
    %assign/vec4 v0x5630cdacc4a0_0, 0;
    %jmp T_0.3;
T_0.2 ;
    %pushi/vec4 0, 0, 1;
    %assign/vec4 v0x5630cdb03ba0_0, 0;
    %load/vec4 v0x5630cdb03d40_0;
    %addi 1, 0, 6;
    %assign/vec4 v0x5630cdb03d40_0, 0;
    %load/vec4 v0x5630cdb03d40_0;
    %pad/u 32;
    %cmpi/e 3, 0, 32;
    %jmp/0xz  T_0.4, 4;
    %load/vec4 v0x5630cdacc4a0_0;
    %inv;
    %load/vec4 v0x5630cdacc810_0;
    %nor/r;
    %and;
    %assign/vec4 v0x5630cdacc4a0_0, 0;
T_0.4 ;
T_0.3 ;
T_0.1 ;
    %jmp T_0;
    .thread T_0;
    .scope S_0x5630cdace6b0;
T_1 ;
    %wait E_0x5630cdace390;
    %load/vec4 v0x5630cdb04180_0;
    %nor/r;
    %flag_set/vec4 8;
    %jmp/0xz  T_1.0, 8;
    %pushi/vec4 0, 0, 3;
    %store/vec4 v0x5630cdb043e0_0, 0, 3;
    %jmp T_1.1;
T_1.0 ;
    %load/vec4 v0x5630cdb043e0_0;
    %dup/vec4;
    %pushi/vec4 0, 0, 3;
    %cmp/u;
    %jmp/1 T_1.2, 6;
    %dup/vec4;
    %pushi/vec4 1, 0, 3;
    %cmp/u;
    %jmp/1 T_1.3, 6;
    %dup/vec4;
    %pushi/vec4 2, 0, 3;
    %cmp/u;
    %jmp/1 T_1.4, 6;
    %dup/vec4;
    %pushi/vec4 3, 0, 3;
    %cmp/u;
    %jmp/1 T_1.5, 6;
    %pushi/vec4 0, 0, 3;
    %store/vec4 v0x5630cdb043e0_0, 0, 3;
    %jmp T_1.7;
T_1.2 ;
    %pushi/vec4 1, 0, 1;
    %assign/vec4 v0x5630cdacc810_0, 0;
    %pushi/vec4 0, 0, 1;
    %assign/vec4 v0x5630cdb03e20_0, 0;
    %pushi/vec4 0, 0, 6;
    %assign/vec4 v0x5630cdb04300_0, 0;
    %pushi/vec4 0, 0, 6;
    %assign/vec4 v0x5630cdb03ee0_0, 0;
    %pushi/vec4 1, 0, 3;
    %assign/vec4 v0x5630cdb043e0_0, 0;
    %jmp T_1.7;
T_1.3 ;
    %load/vec4 v0x5630cdb04240_0;
    %flag_set/vec4 8;
    %jmp/0xz  T_1.8, 8;
    %pushi/vec4 0, 0, 1;
    %assign/vec4 v0x5630cdacc810_0, 0;
    %pushi/vec4 0, 0, 1;
    %assign/vec4 v0x5630cdb03e20_0, 0;
    %pushi/vec4 32, 0, 6;
    %assign/vec4 v0x5630cdb04300_0, 0;
    %pushi/vec4 3, 0, 8;
    %concati/vec4 0, 0, 2;
    %load/vec4 v0x5630cdb044c0_0;
    %concat/vec4; draw_concat_vec4
    %concati/vec4 0, 0, 2;
    %assign/vec4 v0x5630cdb03c60_0, 0;
    %pushi/vec4 2, 0, 3;
    %store/vec4 v0x5630cdb043e0_0, 0, 3;
    %jmp T_1.9;
T_1.8 ;
    %pushi/vec4 1, 0, 3;
    %store/vec4 v0x5630cdb043e0_0, 0, 3;
T_1.9 ;
    %jmp T_1.7;
T_1.4 ;
    %load/vec4 v0x5630cdb03ba0_0;
    %flag_set/vec4 8;
    %jmp/0xz  T_1.10, 8;
    %load/vec4 v0x5630cdb04300_0;
    %pad/u 32;
    %cmpi/e 1, 0, 32;
    %jmp/0xz  T_1.12, 4;
    %pushi/vec4 32, 0, 6;
    %assign/vec4 v0x5630cdb03ee0_0, 0;
    %pushi/vec4 3, 0, 3;
    %store/vec4 v0x5630cdb043e0_0, 0, 3;
    %jmp T_1.13;
T_1.12 ;
    %load/vec4 v0x5630cdb04300_0;
    %subi 1, 0, 6;
    %assign/vec4 v0x5630cdb04300_0, 0;
    %load/vec4 v0x5630cdb03c60_0;
    %parti/s 31, 0, 2;
    %concati/vec4 1, 0, 1;
    %assign/vec4 v0x5630cdb03c60_0, 0;
    %pushi/vec4 2, 0, 3;
    %assign/vec4 v0x5630cdb043e0_0, 0;
T_1.13 ;
T_1.10 ;
    %jmp T_1.7;
T_1.5 ;
    %load/vec4 v0x5630cdb03ba0_0;
    %flag_set/vec4 8;
    %jmp/0xz  T_1.14, 8;
    %load/vec4 v0x5630cdb03ee0_0;
    %pad/u 32;
    %cmpi/e 1, 0, 32;
    %jmp/0xz  T_1.16, 4;
    %pushi/vec4 0, 0, 3;
    %store/vec4 v0x5630cdb043e0_0, 0, 3;
    %jmp T_1.17;
T_1.16 ;
    %load/vec4 v0x5630cdb03ee0_0;
    %subi 1, 0, 6;
    %assign/vec4 v0x5630cdb03ee0_0, 0;
    %load/vec4 v0x5630cdb03fc0_0;
    %parti/s 31, 0, 2;
    %load/vec4 v0x5630cdaccc90_0;
    %concat/vec4; draw_concat_vec4
    %assign/vec4 v0x5630cdb03fc0_0, 0;
    %pushi/vec4 3, 0, 3;
    %store/vec4 v0x5630cdb043e0_0, 0, 3;
T_1.17 ;
T_1.14 ;
    %jmp T_1.7;
T_1.7 ;
    %pop/vec4 1;
T_1.1 ;
    %jmp T_1;
    .thread T_1;
    .scope S_0x5630cdadbd70;
T_2 ;
    %pushi/vec4 0, 0, 1;
    %store/vec4 v0x5630cdb04a70_0, 0, 1;
    %pushi/vec4 1, 0, 1;
    %store/vec4 v0x5630cdb04d50_0, 0, 1;
    %pushi/vec4 0, 0, 1;
    %store/vec4 v0x5630cdb04e20_0, 0, 1;
    %pushi/vec4 0, 0, 20;
    %store/vec4 v0x5630cdb04ef0_0, 0, 20;
    %end;
    .thread T_2;
    .scope S_0x5630cdadbd70;
T_3 ;
    %delay 0, 0;
T_3.0 ;
    %pushi/vec4 0, 0, 1;
    %store/vec4 v0x5630cdb04a70_0, 0, 1;
    %delay 10000, 0;
    %pushi/vec4 1, 0, 1;
    %store/vec4 v0x5630cdb04a70_0, 0, 1;
    %delay 10000, 0;
    %jmp T_3.0;
    %end;
    .thread T_3;
    .scope S_0x5630cdadbd70;
T_4 ;
    %pushi/vec4 3, 0, 32;
T_4.0 %dup/vec4;
    %pushi/vec4 0, 0, 32;
    %cmp/s;
    %jmp/1xz T_4.1, 5;
    %jmp/1 T_4.1, 4;
    %pushi/vec4 1, 0, 32;
    %sub;
    %wait E_0x5630cdace190;
    %jmp T_4.0;
T_4.1 ;
    %pop/vec4 1;
    %pushi/vec4 0, 0, 1;
    %store/vec4 v0x5630cdb04d50_0, 0, 1;
    %wait E_0x5630cdace190;
    %pushi/vec4 1, 0, 1;
    %store/vec4 v0x5630cdb04d50_0, 0, 1;
    %pushi/vec4 0, 0, 21;
    %store/vec4 v0x5630cdb04b10_0, 0, 21;
T_4.2 ;
    %load/vec4 v0x5630cdb04b10_0;
    %pad/u 32;
    %cmpi/u 32, 0, 32;
    %jmp/0xz T_4.3, 5;
    %wait E_0x5630cdace190;
    %pushi/vec4 0, 0, 1;
    %store/vec4 v0x5630cdb04e20_0, 0, 1;
    %load/vec4 v0x5630cdb04b10_0;
    %pad/u 20;
    %store/vec4 v0x5630cdb04ef0_0, 0, 20;
    %pushi/vec4 500, 0, 32;
T_4.4 %dup/vec4;
    %pushi/vec4 0, 0, 32;
    %cmp/s;
    %jmp/1xz T_4.5, 5;
    %jmp/1 T_4.5, 4;
    %pushi/vec4 1, 0, 32;
    %sub;
    %wait E_0x5630cdace190;
    %jmp T_4.4;
T_4.5 ;
    %pop/vec4 1;
    %pushi/vec4 1, 0, 1;
    %store/vec4 v0x5630cdb04e20_0, 0, 1;
    %load/vec4 v0x5630cdb04b10_0;
    %addi 1, 0, 21;
    %store/vec4 v0x5630cdb04b10_0, 0, 21;
    %jmp T_4.2;
T_4.3 ;
    %end;
    .thread T_4;
    .scope S_0x5630cdadbd70;
T_5 ;
    %fork t_1, S_0x5630cdadbff0;
    %jmp t_0;
    .scope S_0x5630cdadbff0;
t_1 ;
    %vpi_call 2 53 "$dumpfile", "MappedSPIFlash_TB.vcd" {0 0 0};
    %vpi_call 2 54 "$dumpvars", 32'sb11111111111111111111111111111111, S_0x5630cdace6b0 {0 0 0};
    %delay 600000000, 0;
    %vpi_call 2 55 "$finish" {0 0 0};
    %end;
    .scope S_0x5630cdadbd70;
t_0 %join;
    %end;
    .thread T_5;
# The file index is used to find the file name in the following table.
:file_names 4;
    "N/A";
    "<interactive>";
    "MappedSPIFlash_TB.v";
    "MappedSPIFlash_V3.v";
